#
# There is insufficient memory for the Java Runtime Environment to continue.
# Native memory allocation (malloc) failed to allocate 828976 bytes for Chunk::new
# Possible reasons:
#   The system is out of physical RAM or swap space
#   The process is running with CompressedOops enabled, and the Java Heap may be blocking the growth of the native heap
# Possible solutions:
#   Reduce memory load on the system
#   Increase physical memory or swap space
#   Check if swap backing store is full
#   Decrease Java heap size (-Xmx/-Xms)
#   Decrease number of Java threads
#   Decrease Java thread stack sizes (-Xss)
#   Set larger code cache with -XX:ReservedCodeCacheSize=
#   JVM is running with Unscaled Compressed Oops mode in which the Java heap is
#     placed in the first 4GB address space. The Java Heap base address is the
#     maximum limit for the native heap growth. Please use -XX:HeapBaseMinAddress
#     to set the Java Heap base and to place the Java Heap above 4GB virtual address.
# This output file may be truncated or incomplete.
#
#  Out of Memory Error (./src/hotspot/share/memory/arena.cpp:197), pid=21172, tid=22396
#
# JRE version: OpenJDK Runtime Environment (11.0.10) (build 11.0.10+0-b96-7249189)
# Java VM: OpenJDK 64-Bit Server VM (11.0.10+0-b96-7249189, mixed mode, tiered, compressed oops, g1 gc, windows-amd64)
# No core dump will be written. Minidumps are not enabled by default on client versions of Windows
#

---------------  S U M M A R Y ------------

Command Line: --add-opens=java.base/java.util=ALL-UNNAMED --add-opens=java.base/java.lang=ALL-UNNAMED --add-opens=java.base/java.lang.invoke=ALL-UNNAMED --add-opens=java.prefs/java.util.prefs=ALL-UNNAMED -Xmx1536m -Dfile.encoding=windows-1252 -Duser.country=US -Duser.language=en -Duser.variant org.gradle.launcher.daemon.bootstrap.GradleDaemon 6.5

Host: Intel(R) Core(TM) i3-10110U CPU @ 2.10GHz, 4 cores, 7G,  Windows 10 , 64 bit Build 18362 (10.0.18362.1110)
Time: Tue Dec  7 02:23:21 2021 Malay Peninsula Standard Time elapsed time: 8.766293 seconds (0d 0h 0m 8s)

---------------  T H R E A D  ---------------

Current thread (0x000002a47fc3f000):  JavaThread "C2 CompilerThread0" daemon [_thread_in_native, id=22396, stack(0x000000e0ac700000,0x000000e0ac800000)]


Current CompileTask:
C2:   8766 4772       4       java.lang.ClassLoader::defineClass (43 bytes)

Stack: [0x000000e0ac700000,0x000000e0ac800000]
Native frames: (J=compiled Java code, j=interpreted, Vv=VM code, C=native code)
V  [jvm.dll+0x5ecfaa]
V  [jvm.dll+0x722bd5]
V  [jvm.dll+0x72412d]
V  [jvm.dll+0x7247e3]
V  [jvm.dll+0x242928]
V  [jvm.dll+0xbc4fc]
V  [jvm.dll+0xbca0c]
V  [jvm.dll+0x352d3b]
V  [jvm.dll+0x320ad3]
V  [jvm.dll+0x31ffca]
V  [jvm.dll+0x1fb602]
V  [jvm.dll+0x1fa7f4]
V  [jvm.dll+0x18354c]
V  [jvm.dll+0x208ee7]
V  [jvm.dll+0x207731]
V  [jvm.dll+0x6eb1cf]
V  [jvm.dll+0x6e3d45]
V  [jvm.dll+0x5ebe96]
C  [ucrtbase.dll+0x210b2]
C  [KERNEL32.DLL+0x17c24]
C  [ntdll.dll+0x6d4d1]


---------------  P R O C E S S  ---------------

Threads class SMR info:
_java_thread_list=0x000002a406b28210, length=151, elements={
0x000002a468bdb800, 0x000002a47fc1b800, 0x000002a47fc1c800, 0x000002a47fc38800,
0x000002a47fc3a000, 0x000002a47fc3c000, 0x000002a47fc3f000, 0x000002a47fc59800,
0x000002a404096000, 0x000002a4041a5800, 0x000002a404c10800, 0x000002a404ec8000,
0x000002a405229800, 0x000002a4052bd800, 0x000002a405386000, 0x000002a405094000,
0x000002a405439800, 0x000002a405a58000, 0x000002a405975800, 0x000002a40597a800,
0x000002a405977000, 0x000002a405978000, 0x000002a405978800, 0x000002a405976000,
0x000002a405979800, 0x000002a40597b000, 0x000002a40597c000, 0x000002a408008800,
0x000002a40800b800, 0x000002a40800e000, 0x000002a40800c800, 0x000002a40800d000,
0x000002a40800a000, 0x000002a40800f000, 0x000002a408009000, 0x000002a40800f800,
0x000002a408010800, 0x000002a40800b000, 0x000002a408015800, 0x000002a408012000,
0x000002a408013800, 0x000002a408017000, 0x000002a408011800, 0x000002a408013000,
0x000002a408016000, 0x000002a408014800, 0x000002a4081a0800, 0x000002a4081a6000,
0x000002a4081a7000, 0x000002a4081a8800, 0x000002a4081a3000, 0x000002a4081a9800,
0x000002a4081a5000, 0x000002a4081a3800, 0x000002a4081ad800, 0x000002a4081ac800,
0x000002a4081aa000, 0x000002a4081af000, 0x000002a4081ae000, 0x000002a4081ac000,
0x000002a4081ab000, 0x000002a40a31a000, 0x000002a40a31b000, 0x000002a40a31d800,
0x000002a40a31b800, 0x000002a40a31f000, 0x000002a40a31c800, 0x000002a40a319800,
0x000002a40a322800, 0x000002a40a320800, 0x000002a40a324000, 0x000002a40a323000,
0x000002a40a31e000, 0x000002a40a325800, 0x000002a40a324800, 0x000002a40a320000,
0x000002a40a321800, 0x000002a40a328000, 0x000002a40a326800, 0x000002a40a327000,
0x000002a4083d4000, 0x000002a4083d4800, 0x000002a4083d2000, 0x000002a4083d3000,
0x000002a4083cf000, 0x000002a4083d0800, 0x000002a4083d5800, 0x000002a4083d1800,
0x000002a4083cf800, 0x000002a4083d8000, 0x000002a4083db000, 0x000002a4083d7000,
0x000002a4083d8800, 0x000002a4083dc000, 0x000002a4083d9800, 0x000002a4083da800,
0x000002a4083d6000, 0x000002a4083dd000, 0x000002a4083dd800, 0x000002a40a417800,
0x000002a40a419800, 0x000002a40a413800, 0x000002a40a415000, 0x000002a40a418800,
0x000002a40a41a000, 0x000002a40a414800, 0x000002a40a41b000, 0x000002a40a416000,
0x000002a40a41c000, 0x000002a40a41c800, 0x000002a40a417000, 0x000002a40a420000,
0x000002a40a420800, 0x000002a40a41d800, 0x000002a40a422800, 0x000002a40a421800,
0x000002a40a41e000, 0x000002a40a41f000, 0x000002a408772000, 0x000002a408771800,
0x000002a408770800, 0x000002a40876f000, 0x000002a408773000, 0x000002a408774000,
0x000002a40876f800, 0x000002a40876e000, 0x000002a408778800, 0x000002a408775800,
0x000002a408776000, 0x000002a408774800, 0x000002a408778000, 0x000002a40877d000,
0x000002a408779800, 0x000002a40877a800, 0x000002a40877c000, 0x000002a408777000,
0x000002a40877b000, 0x000002a40899c000, 0x000002a4089a2800, 0x000002a40899d800,
0x000002a40899d000, 0x000002a4089a4000, 0x000002a40899e800, 0x000002a4089a5000,
0x000002a40899f000, 0x000002a4089a6000, 0x000002a4089a1000, 0x000002a4089a0000,
0x000002a4089a7800, 0x000002a4089a6800, 0x000002a4089a3800
}

Java Threads: ( => current thread )
  0x000002a468bdb800 JavaThread "main" [_thread_blocked, id=21820, stack(0x000000e0abb00000,0x000000e0abc00000)]
  0x000002a47fc1b800 JavaThread "Reference Handler" daemon [_thread_blocked, id=15436, stack(0x000000e0ac200000,0x000000e0ac300000)]
  0x000002a47fc1c800 JavaThread "Finalizer" daemon [_thread_blocked, id=16040, stack(0x000000e0ac300000,0x000000e0ac400000)]
  0x000002a47fc38800 JavaThread "Signal Dispatcher" daemon [_thread_blocked, id=17004, stack(0x000000e0ac400000,0x000000e0ac500000)]
  0x000002a47fc3a000 JavaThread "Attach Listener" daemon [_thread_blocked, id=17080, stack(0x000000e0ac500000,0x000000e0ac600000)]
  0x000002a47fc3c000 JavaThread "Service Thread" daemon [_thread_blocked, id=17076, stack(0x000000e0ac600000,0x000000e0ac700000)]
=>0x000002a47fc3f000 JavaThread "C2 CompilerThread0" daemon [_thread_in_native, id=22396, stack(0x000000e0ac700000,0x000000e0ac800000)]
  0x000002a47fc59800 JavaThread "C1 CompilerThread0" daemon [_thread_blocked, id=22384, stack(0x000000e0ac800000,0x000000e0ac900000)]
  0x000002a404096000 JavaThread "Sweeper thread" daemon [_thread_blocked, id=14704, stack(0x000000e0ac900000,0x000000e0aca00000)]
  0x000002a4041a5800 JavaThread "Common-Cleaner" daemon [_thread_blocked, id=22400, stack(0x000000e0aca00000,0x000000e0acb00000)]
  0x000002a404c10800 JavaThread "Daemon health stats" [_thread_blocked, id=24204, stack(0x000000e0ace00000,0x000000e0acf00000)]
  0x000002a404ec8000 JavaThread "Incoming local TCP Connector on port 53466" [_thread_in_native, id=17000, stack(0x000000e0ad100000,0x000000e0ad200000)]
  0x000002a405229800 JavaThread "Daemon periodic checks" [_thread_blocked, id=24100, stack(0x000000e0ad200000,0x000000e0ad300000)]
  0x000002a4052bd800 JavaThread "Daemon" [_thread_blocked, id=24220, stack(0x000000e0ad300000,0x000000e0ad400000)]
  0x000002a405386000 JavaThread "Handler for socket connection from /127.0.0.1:53466 to /127.0.0.1:53467" [_thread_in_native, id=24228, stack(0x000000e0ad400000,0x000000e0ad500000)]
  0x000002a405094000 JavaThread "Cancel handler" [_thread_blocked, id=24256, stack(0x000000e0ad500000,0x000000e0ad600000)]
  0x000002a405439800 JavaThread "Daemon worker" [_thread_in_Java, id=24288, stack(0x000000e0ad600000,0x000000e0ad700000)]
  0x000002a405a58000 JavaThread "Asynchronous log dispatcher for DefaultDaemonConnection: socket connection from /127.0.0.1:53466 to /127.0.0.1:53467" [_thread_blocked, id=24292, stack(0x000000e0ad700000,0x000000e0ad800000)]
  0x000002a405975800 JavaThread "Stdin handler" [_thread_blocked, id=24468, stack(0x000000e0ad800000,0x000000e0ad900000)]
  0x000002a40597a800 JavaThread "Thread-8" [_thread_blocked, id=24476, stack(0x000000e0ad900000,0x000000e0ada00000)]
  0x000002a405977000 JavaThread "Cache worker for journal cache (C:\Users\User\.gradle\caches\journal-1)" [_thread_blocked, id=24232, stack(0x000000e0ada00000,0x000000e0adb00000)]
  0x000002a405978000 JavaThread "File lock request listener" [_thread_in_native, id=24416, stack(0x000000e0adc00000,0x000000e0add00000)]
  0x000002a405978800 JavaThread "Cache worker for file hash cache (C:\Users\User\.gradle\caches\6.5\fileHashes)" [_thread_blocked, id=24312, stack(0x000000e0add00000,0x000000e0ade00000)]
  0x000002a405976000 JavaThread "Cache worker for file hash cache (D:\Kuliah\Semester 5\Pemrograman Mobile\android-kotlin-fundamentals-starter-apps-master\RecyclerViewFundamentals-Starter\.gradle\6.5\fileHashes)" [_thread_blocked, id=24412, stack(0x000000e0ade00000,0x000000e0adf00000)]
  0x000002a405979800 JavaThread "jar transforms" [_thread_blocked, id=24364, stack(0x000000e0adf00000,0x000000e0ae000000)]
  0x000002a40597b000 JavaThread "jar transforms Thread 2" [_thread_blocked, id=24408, stack(0x000000e0ae000000,0x000000e0ae100000)]
  0x000002a40597c000 JavaThread "jar transforms Thread 3" [_thread_blocked, id=24304, stack(0x000000e0ae100000,0x000000e0ae200000)]
  0x000002a408008800 JavaThread "jar transforms Thread 4" [_thread_blocked, id=24404, stack(0x000000e0ae200000,0x000000e0ae300000)]
  0x000002a40800b800 JavaThread "jar transforms Thread 5" [_thread_blocked, id=24372, stack(0x000000e0ae300000,0x000000e0ae400000)]
  0x000002a40800e000 JavaThread "jar transforms Thread 6" [_thread_blocked, id=24360, stack(0x000000e0ae400000,0x000000e0ae500000)]
  0x000002a40800c800 JavaThread "jar transforms Thread 7" [_thread_blocked, id=24368, stack(0x000000e0ae500000,0x000000e0ae600000)]
  0x000002a40800d000 JavaThread "jar transforms Thread 8" [_thread_blocked, id=24400, stack(0x000000e0ae600000,0x000000e0ae700000)]
  0x000002a40800a000 JavaThread "jar transforms Thread 9" [_thread_blocked, id=24392, stack(0x000000e0ae700000,0x000000e0ae800000)]
  0x000002a40800f000 JavaThread "jar transforms Thread 10" [_thread_blocked, id=24396, stack(0x000000e0ae800000,0x000000e0ae900000)]
  0x000002a408009000 JavaThread "jar transforms Thread 11" [_thread_blocked, id=24356, stack(0x000000e0ae900000,0x000000e0aea00000)]
  0x000002a40800f800 JavaThread "jar transforms Thread 12" [_thread_blocked, id=24376, stack(0x000000e0aea00000,0x000000e0aeb00000)]
  0x000002a408010800 JavaThread "jar transforms Thread 13" [_thread_blocked, id=24340, stack(0x000000e0aeb00000,0x000000e0aec00000)]
  0x000002a40800b000 JavaThread "jar transforms Thread 14" [_thread_blocked, id=24332, stack(0x000000e0aec00000,0x000000e0aed00000)]
  0x000002a408015800 JavaThread "jar transforms Thread 15" [_thread_blocked, id=24192, stack(0x000000e0aed00000,0x000000e0aee00000)]
  0x000002a408012000 JavaThread "jar transforms Thread 16" [_thread_blocked, id=24464, stack(0x000000e0aee00000,0x000000e0aef00000)]
  0x000002a408013800 JavaThread "jar transforms Thread 17" [_thread_blocked, id=24320, stack(0x000000e0aef00000,0x000000e0af000000)]
  0x000002a408017000 JavaThread "jar transforms Thread 18" [_thread_blocked, id=24452, stack(0x000000e0af000000,0x000000e0af100000)]
  0x000002a408011800 JavaThread "jar transforms Thread 19" [_thread_blocked, id=24436, stack(0x000000e0af100000,0x000000e0af200000)]
  0x000002a408013000 JavaThread "jar transforms Thread 20" [_thread_blocked, id=24480, stack(0x000000e0af200000,0x000000e0af300000)]
  0x000002a408016000 JavaThread "Cache worker for checksums cache (D:\Kuliah\Semester 5\Pemrograman Mobile\android-kotlin-fundamentals-starter-apps-master\RecyclerViewFundamentals-Starter\.gradle\checksums)" [_thread_blocked, id=24328, stack(0x000000e0af300000,0x000000e0af400000)]
  0x000002a408014800 JavaThread "Cache worker for cache directory md-supplier (C:\Users\User\.gradle\caches\6.5\md-supplier)" [_thread_blocked, id=24448, stack(0x000000e0af400000,0x000000e0af500000)]
  0x000002a4081a0800 JavaThread "Cache worker for cache directory md-rule (C:\Users\User\.gradle\caches\6.5\md-rule)" [_thread_blocked, id=19960, stack(0x000000e0af500000,0x000000e0af600000)]
  0x000002a4081a6000 JavaThread "Cache worker for execution history cache (C:\Users\User\.gradle\caches\6.5\executionHistory)" [_thread_blocked, id=24052, stack(0x000000e0af600000,0x000000e0af700000)]
  0x000002a4081a7000 JavaThread "Cache worker for file content cache (C:\Users\User\.gradle\caches\6.5\fileContent)" [_thread_blocked, id=23968, stack(0x000000e0af700000,0x000000e0af800000)]
  0x000002a4081a8800 JavaThread "Cache worker for Build Output Cleanup Cache (D:\Kuliah\Semester 5\Pemrograman Mobile\android-kotlin-fundamentals-starter-apps-master\RecyclerViewFundamentals-Starter\.gradle\buildOutputCleanup)" [_thread_blocked, id=22164, stack(0x000000e0af800000,0x000000e0af900000)]
  0x000002a4081a3000 JavaThread "Build operations" [_thread_blocked, id=13660, stack(0x000000e0af900000,0x000000e0afa00000)]
  0x000002a4081a9800 JavaThread "Build operations Thread 2" [_thread_blocked, id=22332, stack(0x000000e0afa00000,0x000000e0afb00000)]
  0x000002a4081a5000 JavaThread "Build operations Thread 3" [_thread_blocked, id=22324, stack(0x000000e0afb00000,0x000000e0afc00000)]
  0x000002a4081a3800 JavaThread "Build operations Thread 4" [_thread_blocked, id=4884, stack(0x000000e0afc00000,0x000000e0afd00000)]
  0x000002a4081ad800 JavaThread "jar transforms Thread 21" [_thread_blocked, id=23032, stack(0x000000e0afd00000,0x000000e0afe00000)]
  0x000002a4081ac800 JavaThread "jar transforms Thread 22" [_thread_blocked, id=23324, stack(0x000000e0afe00000,0x000000e0aff00000)]
  0x000002a4081aa000 JavaThread "jar transforms Thread 23" [_thread_blocked, id=23328, stack(0x000000e0aff00000,0x000000e0b0000000)]
  0x000002a4081af000 JavaThread "jar transforms Thread 24" [_thread_blocked, id=23340, stack(0x000000e0b0000000,0x000000e0b0100000)]
  0x000002a4081ae000 JavaThread "jar transforms Thread 25" [_thread_blocked, id=23344, stack(0x000000e0b0100000,0x000000e0b0200000)]
  0x000002a4081ac000 JavaThread "jar transforms Thread 26" [_thread_blocked, id=23348, stack(0x000000e0b0200000,0x000000e0b0300000)]
  0x000002a4081ab000 JavaThread "jar transforms Thread 27" [_thread_blocked, id=23356, stack(0x000000e0b0300000,0x000000e0b0400000)]
  0x000002a40a31a000 JavaThread "jar transforms Thread 28" [_thread_blocked, id=23360, stack(0x000000e0b0400000,0x000000e0b0500000)]
  0x000002a40a31b000 JavaThread "jar transforms Thread 29" [_thread_blocked, id=23364, stack(0x000000e0b0500000,0x000000e0b0600000)]
  0x000002a40a31d800 JavaThread "jar transforms Thread 30" [_thread_blocked, id=23368, stack(0x000000e0b0600000,0x000000e0b0700000)]
  0x000002a40a31b800 JavaThread "jar transforms Thread 31" [_thread_blocked, id=23332, stack(0x000000e0b0700000,0x000000e0b0800000)]
  0x000002a40a31f000 JavaThread "jar transforms Thread 32" [_thread_blocked, id=23372, stack(0x000000e0b0800000,0x000000e0b0900000)]
  0x000002a40a31c800 JavaThread "jar transforms Thread 33" [_thread_blocked, id=23336, stack(0x000000e0b0900000,0x000000e0b0a00000)]
  0x000002a40a319800 JavaThread "jar transforms Thread 34" [_thread_blocked, id=14804, stack(0x000000e0b0a00000,0x000000e0b0b00000)]
  0x000002a40a322800 JavaThread "jar transforms Thread 35" [_thread_blocked, id=23028, stack(0x000000e0b0b00000,0x000000e0b0c00000)]
  0x000002a40a320800 JavaThread "jar transforms Thread 36" [_thread_blocked, id=24420, stack(0x000000e0b0c00000,0x000000e0b0d00000)]
  0x000002a40a324000 JavaThread "jar transforms Thread 37" [_thread_blocked, id=22440, stack(0x000000e0b0d00000,0x000000e0b0e00000)]
  0x000002a40a323000 JavaThread "jar transforms Thread 38" [_thread_blocked, id=22448, stack(0x000000e0b0e00000,0x000000e0b0f00000)]
  0x000002a40a31e000 JavaThread "jar transforms Thread 39" [_thread_blocked, id=22444, stack(0x000000e0b0f00000,0x000000e0b1000000)]
  0x000002a40a325800 JavaThread "jar transforms Thread 40" [_thread_blocked, id=24504, stack(0x000000e0b1000000,0x000000e0b1100000)]
  0x000002a40a324800 JavaThread "jar transforms Thread 41" [_thread_blocked, id=23664, stack(0x000000e0b1100000,0x000000e0b1200000)]
  0x000002a40a320000 JavaThread "jar transforms Thread 42" [_thread_blocked, id=15532, stack(0x000000e0b1200000,0x000000e0b1300000)]
  0x000002a40a321800 JavaThread "jar transforms Thread 43" [_thread_blocked, id=18228, stack(0x000000e0b1300000,0x000000e0b1400000)]
  0x000002a40a328000 JavaThread "jar transforms Thread 44" [_thread_blocked, id=16496, stack(0x000000e0b1400000,0x000000e0b1500000)]
  0x000002a40a326800 JavaThread "jar transforms Thread 45" [_thread_blocked, id=24196, stack(0x000000e0b1500000,0x000000e0b1600000)]
  0x000002a40a327000 JavaThread "jar transforms Thread 46" [_thread_blocked, id=19112, stack(0x000000e0b1600000,0x000000e0b1700000)]
  0x000002a4083d4000 JavaThread "jar transforms Thread 47" [_thread_blocked, id=19580, stack(0x000000e0b1700000,0x000000e0b1800000)]
  0x000002a4083d4800 JavaThread "jar transforms Thread 48" [_thread_blocked, id=10352, stack(0x000000e0b1800000,0x000000e0b1900000)]
  0x000002a4083d2000 JavaThread "jar transforms Thread 49" [_thread_blocked, id=24248, stack(0x000000e0b1900000,0x000000e0b1a00000)]
  0x000002a4083d3000 JavaThread "jar transforms Thread 50" [_thread_blocked, id=21608, stack(0x000000e0b1a00000,0x000000e0b1b00000)]
  0x000002a4083cf000 JavaThread "jar transforms Thread 51" [_thread_blocked, id=5448, stack(0x000000e0b1b00000,0x000000e0b1c00000)]
  0x000002a4083d0800 JavaThread "jar transforms Thread 52" [_thread_blocked, id=23564, stack(0x000000e0b1c00000,0x000000e0b1d00000)]
  0x000002a4083d5800 JavaThread "jar transforms Thread 53" [_thread_blocked, id=23648, stack(0x000000e0b1d00000,0x000000e0b1e00000)]
  0x000002a4083d1800 JavaThread "jar transforms Thread 54" [_thread_blocked, id=21332, stack(0x000000e0b1e00000,0x000000e0b1f00000)]
  0x000002a4083cf800 JavaThread "jar transforms Thread 55" [_thread_blocked, id=23644, stack(0x000000e0b1f00000,0x000000e0b2000000)]
  0x000002a4083d8000 JavaThread "jar transforms Thread 56" [_thread_blocked, id=20516, stack(0x000000e0b2000000,0x000000e0b2100000)]
  0x000002a4083db000 JavaThread "jar transforms Thread 57" [_thread_blocked, id=23756, stack(0x000000e0b2100000,0x000000e0b2200000)]
  0x000002a4083d7000 JavaThread "jar transforms Thread 58" [_thread_blocked, id=21836, stack(0x000000e0b2200000,0x000000e0b2300000)]
  0x000002a4083d8800 JavaThread "jar transforms Thread 59" [_thread_blocked, id=24120, stack(0x000000e0b2300000,0x000000e0b2400000)]
  0x000002a4083dc000 JavaThread "jar transforms Thread 60" [_thread_blocked, id=12848, stack(0x000000e0b2400000,0x000000e0b2500000)]
  0x000002a4083d9800 JavaThread "jar transforms Thread 61" [_thread_blocked, id=23420, stack(0x000000e0b2500000,0x000000e0b2600000)]
  0x000002a4083da800 JavaThread "jar transforms Thread 62" [_thread_blocked, id=24548, stack(0x000000e0b2600000,0x000000e0b2700000)]
  0x000002a4083d6000 JavaThread "jar transforms Thread 63" [_thread_blocked, id=23440, stack(0x000000e0b2700000,0x000000e0b2800000)]
  0x000002a4083dd000 JavaThread "jar transforms Thread 64" [_thread_blocked, id=23632, stack(0x000000e0b2800000,0x000000e0b2900000)]
  0x000002a4083dd800 JavaThread "jar transforms Thread 65" [_thread_blocked, id=22088, stack(0x000000e0b2900000,0x000000e0b2a00000)]
  0x000002a40a417800 JavaThread "jar transforms Thread 66" [_thread_blocked, id=17260, stack(0x000000e0b2a00000,0x000000e0b2b00000)]
  0x000002a40a419800 JavaThread "jar transforms Thread 67" [_thread_blocked, id=24056, stack(0x000000e0b2b00000,0x000000e0b2c00000)]
  0x000002a40a413800 JavaThread "jar transforms Thread 68" [_thread_blocked, id=24064, stack(0x000000e0b2c00000,0x000000e0b2d00000)]
  0x000002a40a415000 JavaThread "jar transforms Thread 69" [_thread_blocked, id=5588, stack(0x000000e0b2d00000,0x000000e0b2e00000)]
  0x000002a40a418800 JavaThread "jar transforms Thread 70" [_thread_blocked, id=21648, stack(0x000000e0b2e00000,0x000000e0b2f00000)]
  0x000002a40a41a000 JavaThread "jar transforms Thread 71" [_thread_blocked, id=21656, stack(0x000000e0b2f00000,0x000000e0b3000000)]
  0x000002a40a414800 JavaThread "jar transforms Thread 72" [_thread_blocked, id=20696, stack(0x000000e0b3000000,0x000000e0b3100000)]
  0x000002a40a41b000 JavaThread "jar transforms Thread 73" [_thread_blocked, id=24528, stack(0x000000e0b3100000,0x000000e0b3200000)]
  0x000002a40a416000 JavaThread "jar transforms Thread 74" [_thread_blocked, id=23772, stack(0x000000e0b3200000,0x000000e0b3300000)]
  0x000002a40a41c000 JavaThread "jar transforms Thread 75" [_thread_blocked, id=23152, stack(0x000000e0b3300000,0x000000e0b3400000)]
  0x000002a40a41c800 JavaThread "jar transforms Thread 76" [_thread_blocked, id=12620, stack(0x000000e0b3400000,0x000000e0b3500000)]
  0x000002a40a417000 JavaThread "jar transforms Thread 77" [_thread_blocked, id=20312, stack(0x000000e0b3500000,0x000000e0b3600000)]
  0x000002a40a420000 JavaThread "jar transforms Thread 78" [_thread_blocked, id=2816, stack(0x000000e0b3600000,0x000000e0b3700000)]
  0x000002a40a420800 JavaThread "jar transforms Thread 79" [_thread_blocked, id=23896, stack(0x000000e0b3700000,0x000000e0b3800000)]
  0x000002a40a41d800 JavaThread "jar transforms Thread 80" [_thread_blocked, id=18800, stack(0x000000e0b3800000,0x000000e0b3900000)]
  0x000002a40a422800 JavaThread "jar transforms Thread 81" [_thread_blocked, id=18804, stack(0x000000e0b3900000,0x000000e0b3a00000)]
  0x000002a40a421800 JavaThread "jar transforms Thread 82" [_thread_blocked, id=22140, stack(0x000000e0b3a00000,0x000000e0b3b00000)]
  0x000002a40a41e000 JavaThread "jar transforms Thread 83" [_thread_blocked, id=3800, stack(0x000000e0b3b00000,0x000000e0b3c00000)]
  0x000002a40a41f000 JavaThread "jar transforms Thread 84" [_thread_blocked, id=21976, stack(0x000000e0b3c00000,0x000000e0b3d00000)]
  0x000002a408772000 JavaThread "jar transforms Thread 85" [_thread_blocked, id=22192, stack(0x000000e0b3d00000,0x000000e0b3e00000)]
  0x000002a408771800 JavaThread "jar transforms Thread 86" [_thread_blocked, id=21316, stack(0x000000e0b3e00000,0x000000e0b3f00000)]
  0x000002a408770800 JavaThread "jar transforms Thread 87" [_thread_blocked, id=19908, stack(0x000000e0b3f00000,0x000000e0b4000000)]
  0x000002a40876f000 JavaThread "jar transforms Thread 88" [_thread_blocked, id=16644, stack(0x000000e0b4000000,0x000000e0b4100000)]
  0x000002a408773000 JavaThread "jar transforms Thread 89" [_thread_blocked, id=21936, stack(0x000000e0b4100000,0x000000e0b4200000)]
  0x000002a408774000 JavaThread "jar transforms Thread 90" [_thread_blocked, id=21988, stack(0x000000e0b4200000,0x000000e0b4300000)]
  0x000002a40876f800 JavaThread "jar transforms Thread 91" [_thread_blocked, id=21984, stack(0x000000e0b4300000,0x000000e0b4400000)]
  0x000002a40876e000 JavaThread "jar transforms Thread 92" [_thread_blocked, id=18860, stack(0x000000e0b4400000,0x000000e0b4500000)]
  0x000002a408778800 JavaThread "jar transforms Thread 93" [_thread_blocked, id=19436, stack(0x000000e0b4500000,0x000000e0b4600000)]
  0x000002a408775800 JavaThread "jar transforms Thread 94" [_thread_blocked, id=24348, stack(0x000000e0b4600000,0x000000e0b4700000)]
  0x000002a408776000 JavaThread "jar transforms Thread 95" [_thread_blocked, id=24244, stack(0x000000e0b4700000,0x000000e0b4800000)]
  0x000002a408774800 JavaThread "jar transforms Thread 96" [_thread_blocked, id=24560, stack(0x000000e0b4800000,0x000000e0b4900000)]
  0x000002a408778000 JavaThread "jar transforms Thread 97" [_thread_blocked, id=24544, stack(0x000000e0b4900000,0x000000e0b4a00000)]
  0x000002a40877d000 JavaThread "jar transforms Thread 98" [_thread_blocked, id=24048, stack(0x000000e0b4a00000,0x000000e0b4b00000)]
  0x000002a408779800 JavaThread "jar transforms Thread 99" [_thread_blocked, id=18036, stack(0x000000e0b4b00000,0x000000e0b4c00000)]
  0x000002a40877a800 JavaThread "jar transforms Thread 100" [_thread_blocked, id=23956, stack(0x000000e0b4c00000,0x000000e0b4d00000)]
  0x000002a40877c000 JavaThread "jar transforms Thread 101" [_thread_blocked, id=22128, stack(0x000000e0b4d00000,0x000000e0b4e00000)]
  0x000002a408777000 JavaThread "jar transforms Thread 102" [_thread_blocked, id=19932, stack(0x000000e0b4e00000,0x000000e0b4f00000)]
  0x000002a40877b000 JavaThread "jar transforms Thread 103" [_thread_blocked, id=20100, stack(0x000000e0b4f00000,0x000000e0b5000000)]
  0x000002a40899c000 JavaThread "jar transforms Thread 104" [_thread_blocked, id=23736, stack(0x000000e0b5000000,0x000000e0b5100000)]
  0x000002a4089a2800 JavaThread "jar transforms Thread 105" [_thread_blocked, id=15600, stack(0x000000e0b5100000,0x000000e0b5200000)]
  0x000002a40899d800 JavaThread "jar transforms Thread 106" [_thread_blocked, id=4036, stack(0x000000e0b5200000,0x000000e0b5300000)]
  0x000002a40899d000 JavaThread "jar transforms Thread 107" [_thread_blocked, id=23808, stack(0x000000e0b5300000,0x000000e0b5400000)]
  0x000002a4089a4000 JavaThread "jar transforms Thread 108" [_thread_blocked, id=5808, stack(0x000000e0b5400000,0x000000e0b5500000)]
  0x000002a40899e800 JavaThread "jar transforms Thread 109" [_thread_blocked, id=23676, stack(0x000000e0b5500000,0x000000e0b5600000)]
  0x000002a4089a5000 JavaThread "jar transforms Thread 110" [_thread_blocked, id=23696, stack(0x000000e0b5600000,0x000000e0b5700000)]
  0x000002a40899f000 JavaThread "jar transforms Thread 111" [_thread_blocked, id=23628, stack(0x000000e0b5700000,0x000000e0b5800000)]
  0x000002a4089a6000 JavaThread "jar transforms Thread 112" [_thread_blocked, id=23680, stack(0x000000e0b5800000,0x000000e0b5900000)]
  0x000002a4089a1000 JavaThread "jar transforms Thread 113" [_thread_blocked, id=23684, stack(0x000000e0b5900000,0x000000e0b5a00000)]
  0x000002a4089a0000 JavaThread "jar transforms Thread 114" [_thread_blocked, id=23700, stack(0x000000e0b5a00000,0x000000e0b5b00000)]
  0x000002a4089a7800 JavaThread "jar transforms Thread 115" [_thread_blocked, id=23708, stack(0x000000e0b5b00000,0x000000e0b5c00000)]
  0x000002a4089a6800 JavaThread "jar transforms Thread 116" [_thread_blocked, id=23712, stack(0x000000e0b5c00000,0x000000e0b5d00000)]
  0x000002a4089a3800 JavaThread "jar transforms Thread 117" [_thread_blocked, id=23716, stack(0x000000e0b5d00000,0x000000e0b5e00000)]

Other Threads:
  0x000002a47fbf5800 VMThread "VM Thread" [stack: 0x000000e0ac100000,0x000000e0ac200000] [id=2832]
  0x000002a4041cb000 WatcherThread [stack: 0x000000e0acb00000,0x000000e0acc00000] [id=21000]
  0x000002a468bf5800 GCTaskThread "GC Thread#0" [stack: 0x000000e0abc00000,0x000000e0abd00000] [id=21828]
  0x000002a4044ce000 GCTaskThread "GC Thread#1" [stack: 0x000000e0acc00000,0x000000e0acd00000] [id=20724]
  0x000002a404374000 GCTaskThread "GC Thread#2" [stack: 0x000000e0acd00000,0x000000e0ace00000] [id=20336]
  0x000002a405a78800 GCTaskThread "GC Thread#3" [stack: 0x000000e0adb00000,0x000000e0adc00000] [id=24284]
  0x000002a468c1d800 ConcurrentGCThread "G1 Main Marker" [stack: 0x000000e0abd00000,0x000000e0abe00000] [id=16692]
  0x000002a468c20800 ConcurrentGCThread "G1 Conc#0" [stack: 0x000000e0abe00000,0x000000e0abf00000] [id=22408]
  0x000002a47fa70800 ConcurrentGCThread "G1 Refine#0" [stack: 0x000000e0abf00000,0x000000e0ac000000] [id=22360]
  0x000002a47fa71000 ConcurrentGCThread "G1 Young RemSet Sampling" [stack: 0x000000e0ac000000,0x000000e0ac100000] [id=17216]

Threads with active compile tasks:
C2 CompilerThread0   8793 4772       4       java.lang.ClassLoader::defineClass (43 bytes)

VM state:not at safepoint (normal execution)

VM Mutex/Monitor currently owned by a thread: None

Heap address: 0x00000000a0000000, size: 1536 MB, Compressed Oops mode: 32-bit
Narrow klass base: 0x0000000000000000, Narrow klass shift: 3
Compressed class space size: 1073741824 Address: 0x0000000100000000

Heap:
 garbage-first heap   total 155648K, used 65265K [0x00000000a0000000, 0x0000000100000000)
  region size 1024K, 19 young (19456K), 9 survivors (9216K)
 Metaspace       used 48365K, capacity 49716K, committed 49872K, reserved 1093632K
  class space    used 6208K, capacity 6688K, committed 6784K, reserved 1048576K
Heap Regions: E=young(eden), S=young(survivor), O=old, HS=humongous(starts), HC=humongous(continues), CS=collection set, F=free, A=archive, TAMS=top-at-mark-start (previous, next)
|   0|0x00000000a0000000, 0x00000000a0100000, 0x00000000a0100000|100%| O|  |TAMS 0x00000000a0100000, 0x00000000a0000000| Untracked 
|   1|0x00000000a0100000, 0x00000000a0200000, 0x00000000a0200000|100%| O|  |TAMS 0x00000000a0200000, 0x00000000a0100000| Untracked 
|   2|0x00000000a0200000, 0x00000000a0300000, 0x00000000a0300000|100%| O|  |TAMS 0x00000000a0300000, 0x00000000a0200000| Untracked 
|   3|0x00000000a0300000, 0x00000000a0400000, 0x00000000a0400000|100%|HS|  |TAMS 0x00000000a0400000, 0x00000000a0300000| Complete 
|   4|0x00000000a0400000, 0x00000000a0500000, 0x00000000a0500000|100%|HC|  |TAMS 0x00000000a0500000, 0x00000000a0400000| Complete 
|   5|0x00000000a0500000, 0x00000000a0600000, 0x00000000a0600000|100%|HC|  |TAMS 0x00000000a0600000, 0x00000000a0500000| Complete 
|   6|0x00000000a0600000, 0x00000000a0700000, 0x00000000a0700000|100%| O|  |TAMS 0x00000000a0700000, 0x00000000a0600000| Untracked 
|   7|0x00000000a0700000, 0x00000000a0800000, 0x00000000a0800000|100%| O|  |TAMS 0x00000000a0800000, 0x00000000a0700000| Untracked 
|   8|0x00000000a0800000, 0x00000000a0900000, 0x00000000a0900000|100%| O|  |TAMS 0x00000000a0900000, 0x00000000a0800000| Untracked 
|   9|0x00000000a0900000, 0x00000000a0a00000, 0x00000000a0a00000|100%| O|  |TAMS 0x00000000a0a00000, 0x00000000a0900000| Untracked 
|  10|0x00000000a0a00000, 0x00000000a0b00000, 0x00000000a0b00000|100%| O|  |TAMS 0x00000000a0b00000, 0x00000000a0a00000| Untracked 
|  11|0x00000000a0b00000, 0x00000000a0c00000, 0x00000000a0c00000|100%| O|  |TAMS 0x00000000a0c00000, 0x00000000a0b00000| Untracked 
|  12|0x00000000a0c00000, 0x00000000a0d00000, 0x00000000a0d00000|100%| O|  |TAMS 0x00000000a0d00000, 0x00000000a0c00000| Untracked 
|  13|0x00000000a0d00000, 0x00000000a0e00000, 0x00000000a0e00000|100%|HS|  |TAMS 0x00000000a0e00000, 0x00000000a0d00000| Complete 
|  14|0x00000000a0e00000, 0x00000000a0f00000, 0x00000000a0f00000|100%|HC|  |TAMS 0x00000000a0f00000, 0x00000000a0e00000| Complete 
|  15|0x00000000a0f00000, 0x00000000a1000000, 0x00000000a1000000|100%|HS|  |TAMS 0x00000000a1000000, 0x00000000a0f00000| Complete 
|  16|0x00000000a1000000, 0x00000000a1100000, 0x00000000a1100000|100%|HC|  |TAMS 0x00000000a1100000, 0x00000000a1000000| Complete 
|  17|0x00000000a1100000, 0x00000000a1200000, 0x00000000a1200000|100%|HC|  |TAMS 0x00000000a1200000, 0x00000000a1100000| Complete 
|  18|0x00000000a1200000, 0x00000000a1300000, 0x00000000a1300000|100%|HS|  |TAMS 0x00000000a1300000, 0x00000000a1200000| Complete 
|  19|0x00000000a1300000, 0x00000000a1400000, 0x00000000a1400000|100%|HC|  |TAMS 0x00000000a1400000, 0x00000000a1300000| Complete 
|  20|0x00000000a1400000, 0x00000000a1500000, 0x00000000a1500000|100%|HC|  |TAMS 0x00000000a1500000, 0x00000000a1400000| Complete 
|  21|0x00000000a1500000, 0x00000000a1600000, 0x00000000a1600000|100%|HC|  |TAMS 0x00000000a1600000, 0x00000000a1500000| Complete 
|  22|0x00000000a1600000, 0x00000000a1700000, 0x00000000a1700000|100%|HC|  |TAMS 0x00000000a1700000, 0x00000000a1600000| Complete 
|  23|0x00000000a1700000, 0x00000000a1800000, 0x00000000a1800000|100%| O|  |TAMS 0x00000000a1800000, 0x00000000a1700000| Untracked 
|  24|0x00000000a1800000, 0x00000000a1900000, 0x00000000a1900000|100%| O|  |TAMS 0x00000000a1900000, 0x00000000a1800000| Untracked 
|  25|0x00000000a1900000, 0x00000000a1a00000, 0x00000000a1a00000|100%| O|  |TAMS 0x00000000a1955000, 0x00000000a1900000| Untracked 
|  26|0x00000000a1a00000, 0x00000000a1b00000, 0x00000000a1b00000|100%|HS|  |TAMS 0x00000000a1a00000, 0x00000000a1a00000| Complete 
|  27|0x00000000a1b00000, 0x00000000a1c00000, 0x00000000a1c00000|100%|HS|  |TAMS 0x00000000a1b00000, 0x00000000a1b00000| Complete 
|  28|0x00000000a1c00000, 0x00000000a1d00000, 0x00000000a1d00000|100%|HC|  |TAMS 0x00000000a1c00000, 0x00000000a1c00000| Complete 
|  29|0x00000000a1d00000, 0x00000000a1e00000, 0x00000000a1e00000|100%| O|  |TAMS 0x00000000a1d00000, 0x00000000a1d00000| Untracked 
|  30|0x00000000a1e00000, 0x00000000a1f00000, 0x00000000a1f00000|100%| O|  |TAMS 0x00000000a1e00000, 0x00000000a1e00000| Untracked 
|  31|0x00000000a1f00000, 0x00000000a2000000, 0x00000000a2000000|100%| O|  |TAMS 0x00000000a1f00000, 0x00000000a1f00000| Untracked 
|  32|0x00000000a2000000, 0x00000000a2100000, 0x00000000a2100000|100%| O|  |TAMS 0x00000000a2000000, 0x00000000a2000000| Untracked 
|  33|0x00000000a2100000, 0x00000000a2200000, 0x00000000a2200000|100%| O|  |TAMS 0x00000000a2100000, 0x00000000a2100000| Untracked 
|  34|0x00000000a2200000, 0x00000000a2300000, 0x00000000a2300000|100%| O|  |TAMS 0x00000000a2200000, 0x00000000a2200000| Untracked 
|  35|0x00000000a2300000, 0x00000000a2400000, 0x00000000a2400000|100%| O|  |TAMS 0x00000000a2300000, 0x00000000a2300000| Untracked 
|  36|0x00000000a2400000, 0x00000000a2500000, 0x00000000a2500000|100%| O|  |TAMS 0x00000000a2400000, 0x00000000a2400000| Untracked 
|  37|0x00000000a2500000, 0x00000000a2600000, 0x00000000a2600000|100%|HS|  |TAMS 0x00000000a2500000, 0x00000000a2500000| Complete 
|  38|0x00000000a2600000, 0x00000000a2700000, 0x00000000a2700000|100%|HC|  |TAMS 0x00000000a2600000, 0x00000000a2600000| Complete 
|  39|0x00000000a2700000, 0x00000000a2800000, 0x00000000a2800000|100%|HC|  |TAMS 0x00000000a2700000, 0x00000000a2700000| Complete 
|  40|0x00000000a2800000, 0x00000000a2900000, 0x00000000a2900000|100%| O|  |TAMS 0x00000000a2800000, 0x00000000a2800000| Untracked 
|  41|0x00000000a2900000, 0x00000000a2a00000, 0x00000000a2a00000|100%| O|  |TAMS 0x00000000a2900000, 0x00000000a2900000| Untracked 
|  42|0x00000000a2a00000, 0x00000000a2b00000, 0x00000000a2b00000|100%| O|  |TAMS 0x00000000a2a00000, 0x00000000a2a00000| Untracked 
|  43|0x00000000a2b00000, 0x00000000a2c00000, 0x00000000a2c00000|100%| O|  |TAMS 0x00000000a2b00000, 0x00000000a2b00000| Untracked 
|  44|0x00000000a2c00000, 0x00000000a2d00000, 0x00000000a2d00000|100%| O|  |TAMS 0x00000000a2c00000, 0x00000000a2c00000| Untracked 
|  45|0x00000000a2d00000, 0x00000000a2dbc608, 0x00000000a2e00000| 73%| O|  |TAMS 0x00000000a2d00000, 0x00000000a2d00000| Untracked 
|  46|0x00000000a2e00000, 0x00000000a2e00000, 0x00000000a2f00000|  0%| F|  |TAMS 0x00000000a2e00000, 0x00000000a2e00000| Untracked 
|  47|0x00000000a2f00000, 0x00000000a2f00000, 0x00000000a3000000|  0%| F|  |TAMS 0x00000000a2f00000, 0x00000000a2f00000| Untracked 
|  48|0x00000000a3000000, 0x00000000a3000000, 0x00000000a3100000|  0%| F|  |TAMS 0x00000000a3000000, 0x00000000a3000000| Untracked 
|  49|0x00000000a3100000, 0x00000000a3100000, 0x00000000a3200000|  0%| F|  |TAMS 0x00000000a3100000, 0x00000000a3100000| Untracked 
|  50|0x00000000a3200000, 0x00000000a3200000, 0x00000000a3300000|  0%| F|  |TAMS 0x00000000a3200000, 0x00000000a3200000| Untracked 
|  51|0x00000000a3300000, 0x00000000a3300000, 0x00000000a3400000|  0%| F|  |TAMS 0x00000000a3300000, 0x00000000a3300000| Untracked 
|  52|0x00000000a3400000, 0x00000000a3400000, 0x00000000a3500000|  0%| F|  |TAMS 0x00000000a3400000, 0x00000000a3400000| Untracked 
|  53|0x00000000a3500000, 0x00000000a3500000, 0x00000000a3600000|  0%| F|  |TAMS 0x00000000a3500000, 0x00000000a3500000| Untracked 
|  54|0x00000000a3600000, 0x00000000a3600000, 0x00000000a3700000|  0%| F|  |TAMS 0x00000000a3600000, 0x00000000a3600000| Untracked 
|  55|0x00000000a3700000, 0x00000000a3700000, 0x00000000a3800000|  0%| F|  |TAMS 0x00000000a3700000, 0x00000000a3700000| Untracked 
|  56|0x00000000a3800000, 0x00000000a3800000, 0x00000000a3900000|  0%| F|  |TAMS 0x00000000a3800000, 0x00000000a3800000| Untracked 
|  57|0x00000000a3900000, 0x00000000a3900000, 0x00000000a3a00000|  0%| F|  |TAMS 0x00000000a3900000, 0x00000000a3900000| Untracked 
|  58|0x00000000a3a00000, 0x00000000a3a00000, 0x00000000a3b00000|  0%| F|  |TAMS 0x00000000a3a00000, 0x00000000a3a00000| Untracked 
|  59|0x00000000a3b00000, 0x00000000a3b00000, 0x00000000a3c00000|  0%| F|  |TAMS 0x00000000a3b00000, 0x00000000a3b00000| Untracked 
|  60|0x00000000a3c00000, 0x00000000a3c00000, 0x00000000a3d00000|  0%| F|  |TAMS 0x00000000a3c00000, 0x00000000a3c00000| Untracked 
|  61|0x00000000a3d00000, 0x00000000a3d00000, 0x00000000a3e00000|  0%| F|  |TAMS 0x00000000a3d00000, 0x00000000a3d00000| Untracked 
|  62|0x00000000a3e00000, 0x00000000a3e00000, 0x00000000a3f00000|  0%| F|  |TAMS 0x00000000a3e00000, 0x00000000a3e00000| Untracked 
|  63|0x00000000a3f00000, 0x00000000a3f00000, 0x00000000a4000000|  0%| F|  |TAMS 0x00000000a3f00000, 0x00000000a3f00000| Untracked 
|  64|0x00000000a4000000, 0x00000000a4000000, 0x00000000a4100000|  0%| F|  |TAMS 0x00000000a4000000, 0x00000000a4000000| Untracked 
|  65|0x00000000a4100000, 0x00000000a4100000, 0x00000000a4200000|  0%| F|  |TAMS 0x00000000a4100000, 0x00000000a4100000| Untracked 
|  66|0x00000000a4200000, 0x00000000a4200000, 0x00000000a4300000|  0%| F|  |TAMS 0x00000000a4200000, 0x00000000a4200000| Untracked 
|  67|0x00000000a4300000, 0x00000000a4300000, 0x00000000a4400000|  0%| F|  |TAMS 0x00000000a4300000, 0x00000000a4300000| Untracked 
|  68|0x00000000a4400000, 0x00000000a4400000, 0x00000000a4500000|  0%| F|  |TAMS 0x00000000a4400000, 0x00000000a4400000| Untracked 
|  69|0x00000000a4500000, 0x00000000a4500000, 0x00000000a4600000|  0%| F|  |TAMS 0x00000000a4500000, 0x00000000a4500000| Untracked 
|  70|0x00000000a4600000, 0x00000000a4600000, 0x00000000a4700000|  0%| F|  |TAMS 0x00000000a4600000, 0x00000000a4600000| Untracked 
|  71|0x00000000a4700000, 0x00000000a4700000, 0x00000000a4800000|  0%| F|  |TAMS 0x00000000a4700000, 0x00000000a4700000| Untracked 
|  72|0x00000000a4800000, 0x00000000a4800000, 0x00000000a4900000|  0%| F|  |TAMS 0x00000000a4800000, 0x00000000a4800000| Untracked 
|  73|0x00000000a4900000, 0x00000000a4900000, 0x00000000a4a00000|  0%| F|  |TAMS 0x00000000a4900000, 0x00000000a4900000| Untracked 
|  74|0x00000000a4a00000, 0x00000000a4a00000, 0x00000000a4b00000|  0%| F|  |TAMS 0x00000000a4a00000, 0x00000000a4a00000| Untracked 
|  75|0x00000000a4b00000, 0x00000000a4b00000, 0x00000000a4c00000|  0%| F|  |TAMS 0x00000000a4b00000, 0x00000000a4b00000| Untracked 
|  76|0x00000000a4c00000, 0x00000000a4c00000, 0x00000000a4d00000|  0%| F|  |TAMS 0x00000000a4c00000, 0x00000000a4c00000| Untracked 
|  77|0x00000000a4d00000, 0x00000000a4e00000, 0x00000000a4e00000|100%| S|CS|TAMS 0x00000000a4d00000, 0x00000000a4d00000| Complete 
|  78|0x00000000a4e00000, 0x00000000a4f00000, 0x00000000a4f00000|100%| S|CS|TAMS 0x00000000a4e00000, 0x00000000a4e00000| Complete 
|  79|0x00000000a4f00000, 0x00000000a5000000, 0x00000000a5000000|100%| S|CS|TAMS 0x00000000a4f00000, 0x00000000a4f00000| Complete 
|  80|0x00000000a5000000, 0x00000000a5100000, 0x00000000a5100000|100%| S|CS|TAMS 0x00000000a5000000, 0x00000000a5000000| Complete 
|  81|0x00000000a5100000, 0x00000000a5200000, 0x00000000a5200000|100%| S|CS|TAMS 0x00000000a5100000, 0x00000000a5100000| Complete 
|  82|0x00000000a5200000, 0x00000000a5300000, 0x00000000a5300000|100%| S|CS|TAMS 0x00000000a5200000, 0x00000000a5200000| Complete 
|  83|0x00000000a5300000, 0x00000000a5400000, 0x00000000a5400000|100%| S|CS|TAMS 0x00000000a5300000, 0x00000000a5300000| Complete 
|  84|0x00000000a5400000, 0x00000000a5500000, 0x00000000a5500000|100%| S|CS|TAMS 0x00000000a5400000, 0x00000000a5400000| Complete 
|  85|0x00000000a5500000, 0x00000000a5600000, 0x00000000a5600000|100%| S|CS|TAMS 0x00000000a5500000, 0x00000000a5500000| Complete 
|  86|0x00000000a5600000, 0x00000000a5600000, 0x00000000a5700000|  0%| F|  |TAMS 0x00000000a5600000, 0x00000000a5600000| Untracked 
|  87|0x00000000a5700000, 0x00000000a5700000, 0x00000000a5800000|  0%| F|  |TAMS 0x00000000a5700000, 0x00000000a5700000| Untracked 
|  88|0x00000000a5800000, 0x00000000a5800000, 0x00000000a5900000|  0%| F|  |TAMS 0x00000000a5800000, 0x00000000a5800000| Untracked 
|  89|0x00000000a5900000, 0x00000000a5900000, 0x00000000a5a00000|  0%| F|  |TAMS 0x00000000a5900000, 0x00000000a5900000| Untracked 
|  90|0x00000000a5a00000, 0x00000000a5a00000, 0x00000000a5b00000|  0%| F|  |TAMS 0x00000000a5a00000, 0x00000000a5a00000| Untracked 
|  91|0x00000000a5b00000, 0x00000000a5b00000, 0x00000000a5c00000|  0%| F|  |TAMS 0x00000000a5b00000, 0x00000000a5b00000| Untracked 
|  92|0x00000000a5c00000, 0x00000000a5c00000, 0x00000000a5d00000|  0%| F|  |TAMS 0x00000000a5c00000, 0x00000000a5c00000| Untracked 
|  93|0x00000000a5d00000, 0x00000000a5d00000, 0x00000000a5e00000|  0%| F|  |TAMS 0x00000000a5d00000, 0x00000000a5d00000| Untracked 
|  94|0x00000000a5e00000, 0x00000000a5e00000, 0x00000000a5f00000|  0%| F|  |TAMS 0x00000000a5e00000, 0x00000000a5e00000| Untracked 
|  95|0x00000000a5f00000, 0x00000000a5f00000, 0x00000000a6000000|  0%| F|  |TAMS 0x00000000a5f00000, 0x00000000a5f00000| Untracked 
|  96|0x00000000a6000000, 0x00000000a6000000, 0x00000000a6100000|  0%| F|  |TAMS 0x00000000a6000000, 0x00000000a6000000| Untracked 
|  97|0x00000000a6100000, 0x00000000a6100000, 0x00000000a6200000|  0%| F|  |TAMS 0x00000000a6100000, 0x00000000a6100000| Untracked 
|  98|0x00000000a6200000, 0x00000000a6200000, 0x00000000a6300000|  0%| F|  |TAMS 0x00000000a6200000, 0x00000000a6200000| Untracked 
|  99|0x00000000a6300000, 0x00000000a6300000, 0x00000000a6400000|  0%| F|  |TAMS 0x00000000a6300000, 0x00000000a6300000| Untracked 
| 100|0x00000000a6400000, 0x00000000a6400000, 0x00000000a6500000|  0%| F|  |TAMS 0x00000000a6400000, 0x00000000a6400000| Untracked 
| 101|0x00000000a6500000, 0x00000000a6500000, 0x00000000a6600000|  0%| F|  |TAMS 0x00000000a6500000, 0x00000000a6500000| Untracked 
| 102|0x00000000a6600000, 0x00000000a6600000, 0x00000000a6700000|  0%| F|  |TAMS 0x00000000a6600000, 0x00000000a6600000| Untracked 
| 103|0x00000000a6700000, 0x00000000a6700000, 0x00000000a6800000|  0%| F|  |TAMS 0x00000000a6700000, 0x00000000a6700000| Untracked 
| 104|0x00000000a6800000, 0x00000000a6800000, 0x00000000a6900000|  0%| F|  |TAMS 0x00000000a6800000, 0x00000000a6800000| Untracked 
| 105|0x00000000a6900000, 0x00000000a6900000, 0x00000000a6a00000|  0%| F|  |TAMS 0x00000000a6900000, 0x00000000a6900000| Untracked 
| 106|0x00000000a6a00000, 0x00000000a6a00000, 0x00000000a6b00000|  0%| F|  |TAMS 0x00000000a6a00000, 0x00000000a6a00000| Untracked 
| 107|0x00000000a6b00000, 0x00000000a6b00000, 0x00000000a6c00000|  0%| F|  |TAMS 0x00000000a6b00000, 0x00000000a6b00000| Untracked 
| 108|0x00000000a6c00000, 0x00000000a6c00000, 0x00000000a6d00000|  0%| F|  |TAMS 0x00000000a6c00000, 0x00000000a6c00000| Untracked 
| 109|0x00000000a6d00000, 0x00000000a6d00000, 0x00000000a6e00000|  0%| F|  |TAMS 0x00000000a6d00000, 0x00000000a6d00000| Untracked 
| 110|0x00000000a6e00000, 0x00000000a6e00000, 0x00000000a6f00000|  0%| F|  |TAMS 0x00000000a6e00000, 0x00000000a6e00000| Untracked 
| 111|0x00000000a6f00000, 0x00000000a6f00000, 0x00000000a7000000|  0%| F|  |TAMS 0x00000000a6f00000, 0x00000000a6f00000| Untracked 
| 112|0x00000000a7000000, 0x00000000a7000000, 0x00000000a7100000|  0%| F|  |TAMS 0x00000000a7000000, 0x00000000a7000000| Untracked 
| 113|0x00000000a7100000, 0x00000000a7100000, 0x00000000a7200000|  0%| F|  |TAMS 0x00000000a7100000, 0x00000000a7100000| Untracked 
| 114|0x00000000a7200000, 0x00000000a7200000, 0x00000000a7300000|  0%| F|  |TAMS 0x00000000a7200000, 0x00000000a7200000| Untracked 
| 115|0x00000000a7300000, 0x00000000a7300000, 0x00000000a7400000|  0%| F|  |TAMS 0x00000000a7300000, 0x00000000a7300000| Untracked 
| 116|0x00000000a7400000, 0x00000000a7400000, 0x00000000a7500000|  0%| F|  |TAMS 0x00000000a7400000, 0x00000000a7400000| Untracked 
| 117|0x00000000a7500000, 0x00000000a7500000, 0x00000000a7600000|  0%| F|  |TAMS 0x00000000a7500000, 0x00000000a7500000| Untracked 
| 118|0x00000000a7600000, 0x00000000a7600000, 0x00000000a7700000|  0%| F|  |TAMS 0x00000000a7600000, 0x00000000a7600000| Untracked 
| 119|0x00000000a7700000, 0x00000000a7700000, 0x00000000a7800000|  0%| F|  |TAMS 0x00000000a7700000, 0x00000000a7700000| Untracked 
| 120|0x00000000a7800000, 0x00000000a7800000, 0x00000000a7900000|  0%| F|  |TAMS 0x00000000a7800000, 0x00000000a7800000| Untracked 
| 121|0x00000000a7900000, 0x00000000a7900000, 0x00000000a7a00000|  0%| F|  |TAMS 0x00000000a7900000, 0x00000000a7900000| Untracked 
| 122|0x00000000a7a00000, 0x00000000a7a00000, 0x00000000a7b00000|  0%| F|  |TAMS 0x00000000a7a00000, 0x00000000a7a00000| Untracked 
| 123|0x00000000a7b00000, 0x00000000a7b00000, 0x00000000a7c00000|  0%| F|  |TAMS 0x00000000a7b00000, 0x00000000a7b00000| Untracked 
| 124|0x00000000a7c00000, 0x00000000a7c00000, 0x00000000a7d00000|  0%| F|  |TAMS 0x00000000a7c00000, 0x00000000a7c00000| Untracked 
| 125|0x00000000a7d00000, 0x00000000a7d00000, 0x00000000a7e00000|  0%| F|  |TAMS 0x00000000a7d00000, 0x00000000a7d00000| Untracked 
| 126|0x00000000a7e00000, 0x00000000a7e00000, 0x00000000a7f00000|  0%| F|  |TAMS 0x00000000a7e00000, 0x00000000a7e00000| Untracked 
| 127|0x00000000a7f00000, 0x00000000a7f00000, 0x00000000a8000000|  0%| F|  |TAMS 0x00000000a7f00000, 0x00000000a7f00000| Untracked 
| 128|0x00000000a8000000, 0x00000000a8000000, 0x00000000a8100000|  0%| F|  |TAMS 0x00000000a8000000, 0x00000000a8000000| Untracked 
| 129|0x00000000a8100000, 0x00000000a8100000, 0x00000000a8200000|  0%| F|  |TAMS 0x00000000a8100000, 0x00000000a8100000| Untracked 
| 130|0x00000000a8200000, 0x00000000a8200000, 0x00000000a8300000|  0%| F|  |TAMS 0x00000000a8200000, 0x00000000a8200000| Untracked 
| 131|0x00000000a8300000, 0x00000000a8300000, 0x00000000a8400000|  0%| F|  |TAMS 0x00000000a8300000, 0x00000000a8300000| Untracked 
| 132|0x00000000a8400000, 0x00000000a8400000, 0x00000000a8500000|  0%| F|  |TAMS 0x00000000a8400000, 0x00000000a8400000| Untracked 
| 133|0x00000000a8500000, 0x00000000a8500000, 0x00000000a8600000|  0%| F|  |TAMS 0x00000000a8500000, 0x00000000a8500000| Untracked 
| 134|0x00000000a8600000, 0x00000000a8600000, 0x00000000a8700000|  0%| F|  |TAMS 0x00000000a8600000, 0x00000000a8600000| Untracked 
| 135|0x00000000a8700000, 0x00000000a8700000, 0x00000000a8800000|  0%| F|  |TAMS 0x00000000a8700000, 0x00000000a8700000| Untracked 
| 136|0x00000000a8800000, 0x00000000a8800000, 0x00000000a8900000|  0%| F|  |TAMS 0x00000000a8800000, 0x00000000a8800000| Untracked 
| 137|0x00000000a8900000, 0x00000000a8900000, 0x00000000a8a00000|  0%| F|  |TAMS 0x00000000a8900000, 0x00000000a8900000| Untracked 
| 138|0x00000000a8a00000, 0x00000000a8a00000, 0x00000000a8b00000|  0%| F|  |TAMS 0x00000000a8a00000, 0x00000000a8a00000| Untracked 
| 139|0x00000000a8b00000, 0x00000000a8b00000, 0x00000000a8c00000|  0%| F|  |TAMS 0x00000000a8b00000, 0x00000000a8b00000| Untracked 
| 140|0x00000000a8c00000, 0x00000000a8c00000, 0x00000000a8d00000|  0%| F|  |TAMS 0x00000000a8c00000, 0x00000000a8c00000| Untracked 
| 141|0x00000000a8d00000, 0x00000000a8d00000, 0x00000000a8e00000|  0%| F|  |TAMS 0x00000000a8d00000, 0x00000000a8d00000| Untracked 
| 142|0x00000000a8e00000, 0x00000000a8e80800, 0x00000000a8f00000| 50%| E|  |TAMS 0x00000000a8e00000, 0x00000000a8e00000| Complete 
| 143|0x00000000a8f00000, 0x00000000a9000000, 0x00000000a9000000|100%| E|CS|TAMS 0x00000000a8f00000, 0x00000000a8f00000| Complete 
| 144|0x00000000a9000000, 0x00000000a9100000, 0x00000000a9100000|100%| E|CS|TAMS 0x00000000a9000000, 0x00000000a9000000| Complete 
| 145|0x00000000a9100000, 0x00000000a9200000, 0x00000000a9200000|100%| E|CS|TAMS 0x00000000a9100000, 0x00000000a9100000| Complete 
| 146|0x00000000a9200000, 0x00000000a9300000, 0x00000000a9300000|100%| E|CS|TAMS 0x00000000a9200000, 0x00000000a9200000| Complete 
| 147|0x00000000a9300000, 0x00000000a9400000, 0x00000000a9400000|100%| E|CS|TAMS 0x00000000a9300000, 0x00000000a9300000| Complete 
| 148|0x00000000a9400000, 0x00000000a9500000, 0x00000000a9500000|100%| E|CS|TAMS 0x00000000a9400000, 0x00000000a9400000| Complete 
| 149|0x00000000a9500000, 0x00000000a9600000, 0x00000000a9600000|100%| E|CS|TAMS 0x00000000a9500000, 0x00000000a9500000| Complete 
| 150|0x00000000a9600000, 0x00000000a9700000, 0x00000000a9700000|100%| E|CS|TAMS 0x00000000a9600000, 0x00000000a9600000| Complete 
| 151|0x00000000a9700000, 0x00000000a9800000, 0x00000000a9800000|100%| E|CS|TAMS 0x00000000a9700000, 0x00000000a9700000| Complete 

Card table byte_map: [0x000002a47d7e0000,0x000002a47dae0000] _byte_map_base: 0x000002a47d2e0000

Marking Bits (Prev, Next): (CMBitMap*) 0x000002a468c16728, (CMBitMap*) 0x000002a468c16760
 Prev Bits: [0x000002a47dde0000, 0x000002a47f5e0000)
 Next Bits: [0x000002a400000000, 0x000002a401800000)

Polling page: 0x000002a468cb0000

Metaspace:

Usage:
  Non-class:     42.02 MB capacity,    41.19 MB ( 98%) used,   745.06 KB (  2%) free+waste,   108.25 KB ( <1%) overhead. 
      Class:      6.53 MB capacity,     6.07 MB ( 93%) used,   424.64 KB (  6%) free+waste,    52.63 KB ( <1%) overhead. 
       Both:     48.55 MB capacity,    47.25 MB ( 97%) used,     1.14 MB (  2%) free+waste,   160.88 KB ( <1%) overhead. 

Virtual space:
  Non-class space:       44.00 MB reserved,      42.08 MB ( 96%) committed 
      Class space:        1.00 GB reserved,       6.63 MB ( <1%) committed 
             Both:        1.04 GB reserved,      48.70 MB (  5%) committed 

Chunk freelists:
   Non-Class:  0 bytes
       Class:  0 bytes
        Both:  0 bytes

MaxMetaspaceSize: 17179869184.00 GB
CompressedClassSpaceSize: 1.00 GB

CodeHeap 'non-profiled nmethods': size=120064Kb used=2282Kb max_used=2282Kb free=117782Kb
 bounds [0x000002a475980000, 0x000002a475bf0000, 0x000002a47cec0000]
CodeHeap 'profiled nmethods': size=120000Kb used=10024Kb max_used=10024Kb free=109975Kb
 bounds [0x000002a46e450000, 0x000002a46ee20000, 0x000002a475980000]
CodeHeap 'non-nmethods': size=5696Kb used=2208Kb max_used=2254Kb free=3487Kb
 bounds [0x000002a46dec0000, 0x000002a46e130000, 0x000002a46e450000]
 total_blobs=5522 nmethods=4747 adapters=686
 compilation: enabled
              stopped_count=0, restarted_count=0
 full_count=0

Compilation events (20 events):
Event: 8.690 Thread 0x000002a47fc59800 nmethod 4762 0x000002a46ee12d90 code [0x000002a46ee12fc0, 0x000002a46ee13928]
Event: 8.694 Thread 0x000002a47fc59800 4763       3       java.util.concurrent.atomic.AtomicBoolean::set (14 bytes)
Event: 8.695 Thread 0x000002a47fc59800 nmethod 4763 0x000002a46ee13c10 code [0x000002a46ee13dc0, 0x000002a46ee13f18]
Event: 8.696 Thread 0x000002a47fc59800 4764       3       org.gradle.internal.logging.progress.DefaultProgressLoggerFactory$ProgressLoggerImpl::ensureNotNull (11 bytes)
Event: 8.696 Thread 0x000002a47fc59800 nmethod 4764 0x000002a46ee13f90 code [0x000002a46ee14140, 0x000002a46ee14298]
Event: 8.696 Thread 0x000002a47fc59800 4765       3       org.gradle.internal.operations.logging.LoggingBuildOperationProgressBroadcaster::onOutput (105 bytes)
Event: 8.696 Thread 0x000002a47fc59800 nmethod 4765 0x000002a46ee14310 code [0x000002a46ee14580, 0x000002a46ee15418]
Event: 8.696 Thread 0x000002a47fc59800 4766       3       org.gradle.internal.operations.DefaultBuildOperationExecutor::assertParentRunning (49 bytes)
Event: 8.697 Thread 0x000002a47fc59800 nmethod 4766 0x000002a46ee15710 code [0x000002a46ee159e0, 0x000002a46ee16948]
Event: 8.697 Thread 0x000002a47fc59800 4767       3       org.gradle.internal.operations.CurrentBuildOperationRef::set (23 bytes)
Event: 8.697 Thread 0x000002a47fc59800 nmethod 4767 0x000002a46ee16e90 code [0x000002a46ee17060, 0x000002a46ee17338]
Event: 8.697 Thread 0x000002a47fc59800 4768       3       org.gradle.internal.operations.DefaultBuildOperationExecutor$BuildOperationState::setRunning (9 bytes)
Event: 8.697 Thread 0x000002a47fc59800 nmethod 4768 0x000002a46ee17410 code [0x000002a46ee175c0, 0x000002a46ee17798]
Event: 8.700 Thread 0x000002a47fc59800 4769       3       org.gradle.internal.operations.DefaultBuildOperationExecutor::setCurrentBuildOperation (9 bytes)
Event: 8.700 Thread 0x000002a47fc59800 nmethod 4769 0x000002a46ee17890 code [0x000002a46ee17a80, 0x000002a46ee17dd8]
Event: 8.703 Thread 0x000002a47fc59800 4770       3       com.google.common.cache.LocalCache$LoadingValueReference::isActive (10 bytes)
Event: 8.704 Thread 0x000002a47fc59800 nmethod 4770 0x000002a46ee17f10 code [0x000002a46ee180c0, 0x000002a46ee18288]
Event: 8.705 Thread 0x000002a47fc59800 4771       3       java.util.Properties::load0 (249 bytes)
Event: 8.706 Thread 0x000002a47fc59800 nmethod 4771 0x000002a46ee18390 code [0x000002a46ee185e0, 0x000002a46ee19008]
Event: 8.710 Thread 0x000002a47fc3f000 4772       4       java.lang.ClassLoader::defineClass (43 bytes)

GC Heap History (20 events):
Event: 0.471 GC heap before
{Heap before GC invocations=0 (full 0):
 garbage-first heap   total 129024K, used 19456K [0x00000000a0000000, 0x0000000100000000)
  region size 1024K, 14 young (14336K), 0 survivors (0K)
 Metaspace       used 7564K, capacity 7733K, committed 7936K, reserved 1056768K
  class space    used 704K, capacity 749K, committed 768K, reserved 1048576K
}
Event: 0.475 GC heap after
{Heap after GC invocations=1 (full 0):
 garbage-first heap   total 129024K, used 8005K [0x00000000a0000000, 0x0000000100000000)
  region size 1024K, 2 young (2048K), 2 survivors (2048K)
 Metaspace       used 7564K, capacity 7733K, committed 7936K, reserved 1056768K
  class space    used 704K, capacity 749K, committed 768K, reserved 1048576K
}
Event: 0.962 GC heap before
{Heap before GC invocations=1 (full 0):
 garbage-first heap   total 129024K, used 20293K [0x00000000a0000000, 0x0000000100000000)
  region size 1024K, 14 young (14336K), 2 survivors (2048K)
 Metaspace       used 10506K, capacity 10761K, committed 11008K, reserved 1058816K
  class space    used 1100K, capacity 1164K, committed 1280K, reserved 1048576K
}
Event: 0.965 GC heap after
{Heap after GC invocations=2 (full 0):
 garbage-first heap   total 129024K, used 8827K [0x00000000a0000000, 0x0000000100000000)
  region size 1024K, 1 young (1024K), 1 survivors (1024K)
 Metaspace       used 10506K, capacity 10761K, committed 11008K, reserved 1058816K
  class space    used 1100K, capacity 1164K, committed 1280K, reserved 1048576K
}
Event: 1.253 GC heap before
{Heap before GC invocations=2 (full 0):
 garbage-first heap   total 129024K, used 37499K [0x00000000a0000000, 0x0000000100000000)
  region size 1024K, 30 young (30720K), 1 survivors (1024K)
 Metaspace       used 10767K, capacity 11041K, committed 11264K, reserved 1058816K
  class space    used 1130K, capacity 1236K, committed 1280K, reserved 1048576K
}
Event: 1.256 GC heap after
{Heap after GC invocations=3 (full 0):
 garbage-first heap   total 129024K, used 13071K [0x00000000a0000000, 0x0000000100000000)
  region size 1024K, 4 young (4096K), 4 survivors (4096K)
 Metaspace       used 10767K, capacity 11041K, committed 11264K, reserved 1058816K
  class space    used 1130K, capacity 1236K, committed 1280K, reserved 1048576K
}
Event: 2.395 GC heap before
{Heap before GC invocations=3 (full 0):
 garbage-first heap   total 129024K, used 56079K [0x00000000a0000000, 0x0000000100000000)
  region size 1024K, 46 young (47104K), 4 survivors (4096K)
 Metaspace       used 19456K, capacity 19874K, committed 19968K, reserved 1067008K
  class space    used 2352K, capacity 2479K, committed 2560K, reserved 1048576K
}
Event: 2.405 GC heap after
{Heap after GC invocations=4 (full 0):
 garbage-first heap   total 129024K, used 15893K [0x00000000a0000000, 0x0000000100000000)
  region size 1024K, 3 young (3072K), 3 survivors (3072K)
 Metaspace       used 19456K, capacity 19874K, committed 19968K, reserved 1067008K
  class space    used 2352K, capacity 2479K, committed 2560K, reserved 1048576K
}
Event: 2.522 GC heap before
{Heap before GC invocations=4 (full 0):
 garbage-first heap   total 129024K, used 21013K [0x00000000a0000000, 0x0000000100000000)
  region size 1024K, 9 young (9216K), 3 survivors (3072K)
 Metaspace       used 20656K, capacity 21137K, committed 21296K, reserved 1069056K
  class space    used 2427K, capacity 2579K, committed 2688K, reserved 1048576K
}
Event: 2.526 GC heap after
{Heap after GC invocations=5 (full 0):
 garbage-first heap   total 129024K, used 16071K [0x00000000a0000000, 0x0000000100000000)
  region size 1024K, 4 young (4096K), 4 survivors (4096K)
 Metaspace       used 20656K, capacity 21137K, committed 21296K, reserved 1069056K
  class space    used 2427K, capacity 2579K, committed 2688K, reserved 1048576K
}
Event: 3.143 GC heap before
{Heap before GC invocations=6 (full 0):
 garbage-first heap   total 129024K, used 64199K [0x00000000a0000000, 0x0000000100000000)
  region size 1024K, 49 young (50176K), 4 survivors (4096K)
 Metaspace       used 25884K, capacity 26543K, committed 26800K, reserved 1073152K
  class space    used 3284K, capacity 3516K, committed 3584K, reserved 1048576K
}
Event: 3.150 GC heap after
{Heap after GC invocations=7 (full 0):
 garbage-first heap   total 129024K, used 20921K [0x00000000a0000000, 0x0000000100000000)
  region size 1024K, 6 young (6144K), 6 survivors (6144K)
 Metaspace       used 25884K, capacity 26543K, committed 26800K, reserved 1073152K
  class space    used 3284K, capacity 3516K, committed 3584K, reserved 1048576K
}
Event: 4.405 GC heap before
{Heap before GC invocations=7 (full 0):
 garbage-first heap   total 129024K, used 84409K [0x00000000a0000000, 0x0000000100000000)
  region size 1024K, 61 young (62464K), 6 survivors (6144K)
 Metaspace       used 35000K, capacity 35765K, committed 35920K, reserved 1081344K
  class space    used 4452K, capacity 4781K, committed 4864K, reserved 1048576K
}
Event: 4.416 GC heap after
{Heap after GC invocations=8 (full 0):
 garbage-first heap   total 129024K, used 34132K [0x00000000a0000000, 0x0000000100000000)
  region size 1024K, 8 young (8192K), 8 survivors (8192K)
 Metaspace       used 35000K, capacity 35765K, committed 35920K, reserved 1081344K
  class space    used 4452K, capacity 4781K, committed 4864K, reserved 1048576K
}
Event: 5.217 GC heap before
{Heap before GC invocations=9 (full 0):
 garbage-first heap   total 129024K, used 86356K [0x00000000a0000000, 0x0000000100000000)
  region size 1024K, 57 young (58368K), 8 survivors (8192K)
 Metaspace       used 40267K, capacity 41245K, committed 41424K, reserved 1085440K
  class space    used 5081K, capacity 5408K, committed 5504K, reserved 1048576K
}
Event: 5.229 GC heap after
{Heap after GC invocations=10 (full 0):
 garbage-first heap   total 155648K, used 38422K [0x00000000a0000000, 0x0000000100000000)
  region size 1024K, 4 young (4096K), 4 survivors (4096K)
 Metaspace       used 40267K, capacity 41245K, committed 41424K, reserved 1085440K
  class space    used 5081K, capacity 5408K, committed 5504K, reserved 1048576K
}
Event: 7.068 GC heap before
{Heap before GC invocations=10 (full 0):
 garbage-first heap   total 155648K, used 96790K [0x00000000a0000000, 0x0000000100000000)
  region size 1024K, 61 young (62464K), 4 survivors (4096K)
 Metaspace       used 44080K, capacity 45231K, committed 45392K, reserved 1089536K
  class space    used 5662K, capacity 6072K, committed 6144K, reserved 1048576K
}
Event: 7.078 GC heap after
{Heap after GC invocations=11 (full 0):
 garbage-first heap   total 155648K, used 42496K [0x00000000a0000000, 0x0000000100000000)
  region size 1024K, 8 young (8192K), 8 survivors (8192K)
 Metaspace       used 44080K, capacity 45231K, committed 45392K, reserved 1089536K
  class space    used 5662K, capacity 6072K, committed 6144K, reserved 1048576K
}
Event: 8.391 GC heap before
{Heap before GC invocations=11 (full 0):
 garbage-first heap   total 155648K, used 107008K [0x00000000a0000000, 0x0000000100000000)
  region size 1024K, 66 young (67584K), 8 survivors (8192K)
 Metaspace       used 46967K, capacity 48323K, committed 48592K, reserved 1091584K
  class space    used 6031K, capacity 6477K, committed 6528K, reserved 1048576K
}
Event: 8.407 GC heap after
{Heap after GC invocations=12 (full 0):
 garbage-first heap   total 155648K, used 56049K [0x00000000a0000000, 0x0000000100000000)
  region size 1024K, 9 young (9216K), 9 survivors (9216K)
 Metaspace       used 46967K, capacity 48323K, committed 48592K, reserved 1091584K
  class space    used 6031K, capacity 6477K, committed 6528K, reserved 1048576K
}

Deoptimization events (20 events):
Event: 8.236 Thread 0x000002a405439800 DEOPT PACKING pc=0x000002a475ad4f94 sp=0x000000e0ad6fc450
Event: 8.236 Thread 0x000002a405439800 DEOPT UNPACKING pc=0x000002a46dee78af sp=0x000000e0ad6fc460 mode 2
Event: 8.290 Thread 0x000002a405439800 DEOPT PACKING pc=0x000002a46edf642e sp=0x000000e0ad6f9520
Event: 8.290 Thread 0x000002a405439800 DEOPT UNPACKING pc=0x000002a46dee76ce sp=0x000000e0ad6f8990 mode 0
Event: 8.634 Thread 0x000002a405439800 Uncommon trap: trap_request=0xffffffc6 fr.pc=0x000002a475a6d0d0 relative=0x0000000000000850
Event: 8.634 Thread 0x000002a405439800 Uncommon trap: reason=bimorphic_or_optimized_type_check action=maybe_recompile pc=0x000002a475a6d0d0 method=java.io.BufferedInputStream.read([BII)I @ 101 c2
Event: 8.634 Thread 0x000002a405439800 DEOPT PACKING pc=0x000002a475a6d0d0 sp=0x000000e0ad6f8190
Event: 8.634 Thread 0x000002a405439800 DEOPT UNPACKING pc=0x000002a46dee78af sp=0x000000e0ad6f8148 mode 2
Event: 8.634 Thread 0x000002a405439800 Uncommon trap: trap_request=0xffffff4d fr.pc=0x000002a475a6cf88 relative=0x0000000000000708
Event: 8.635 Thread 0x000002a405439800 Uncommon trap: reason=unstable_if action=reinterpret pc=0x000002a475a6cf88 method=java.io.BufferedInputStream.read([BII)I @ 56 c2
Event: 8.635 Thread 0x000002a405439800 DEOPT PACKING pc=0x000002a475a6cf88 sp=0x000000e0ad6f8190
Event: 8.635 Thread 0x000002a405439800 DEOPT UNPACKING pc=0x000002a46dee78af sp=0x000000e0ad6f8148 mode 2
Event: 8.639 Thread 0x000002a405439800 Uncommon trap: trap_request=0xffffff4d fr.pc=0x000002a475b8b4f4 relative=0x0000000000000054
Event: 8.639 Thread 0x000002a405439800 Uncommon trap: reason=unstable_if action=reinterpret pc=0x000002a475b8b4f4 method=java.util.regex.Pattern.has(I)Z @ 6 c2
Event: 8.639 Thread 0x000002a405439800 DEOPT PACKING pc=0x000002a475b8b4f4 sp=0x000000e0ad6f76b0
Event: 8.639 Thread 0x000002a405439800 DEOPT UNPACKING pc=0x000002a46dee78af sp=0x000000e0ad6f7640 mode 2
Event: 8.696 Thread 0x000002a405439800 Uncommon trap: trap_request=0xffffffc6 fr.pc=0x000002a475ad4f94 relative=0x0000000000003094
Event: 8.696 Thread 0x000002a405439800 Uncommon trap: reason=bimorphic_or_optimized_type_check action=maybe_recompile pc=0x000002a475ad4f94 method=java.util.AbstractCollection.addAll(Ljava/util/Collection;)Z @ 29 c2
Event: 8.696 Thread 0x000002a405439800 DEOPT PACKING pc=0x000002a475ad4f94 sp=0x000000e0ad6f9570
Event: 8.696 Thread 0x000002a405439800 DEOPT UNPACKING pc=0x000002a46dee78af sp=0x000000e0ad6f9580 mode 2

Classes redefined (0 events):
No events

Internal exceptions (20 events):
Event: 8.140 Thread 0x000002a405439800 Exception <a 'java/security/PrivilegedActionException'{0x00000000a66215b8}> (0x00000000a66215b8) thrown at [./src/hotspot/share/prims/jvm.cpp, line 1306]
Event: 8.140 Thread 0x000002a405439800 Exception <a 'java/security/PrivilegedActionException'{0x00000000a6624450}> (0x00000000a6624450) thrown at [./src/hotspot/share/prims/jvm.cpp, line 1306]
Event: 8.140 Thread 0x000002a405439800 Exception <a 'java/security/PrivilegedActionException'{0x00000000a6625710}> (0x00000000a6625710) thrown at [./src/hotspot/share/prims/jvm.cpp, line 1306]
Event: 8.140 Thread 0x000002a405439800 Exception <a 'java/security/PrivilegedActionException'{0x00000000a6628600}> (0x00000000a6628600) thrown at [./src/hotspot/share/prims/jvm.cpp, line 1306]
Event: 8.140 Thread 0x000002a405439800 Exception <a 'java/security/PrivilegedActionException'{0x00000000a66298c0}> (0x00000000a66298c0) thrown at [./src/hotspot/share/prims/jvm.cpp, line 1306]
Event: 8.140 Thread 0x000002a405439800 Exception <a 'java/security/PrivilegedActionException'{0x00000000a662c808}> (0x00000000a662c808) thrown at [./src/hotspot/share/prims/jvm.cpp, line 1306]
Event: 8.140 Thread 0x000002a405439800 Exception <a 'java/security/PrivilegedActionException'{0x00000000a662dac8}> (0x00000000a662dac8) thrown at [./src/hotspot/share/prims/jvm.cpp, line 1306]
Event: 8.183 Thread 0x000002a405439800 Exception <a 'java/lang/ClassNotFoundException'{0x00000000a6523bb8}: org/gradle/api/tasks/Delete_DecoratedBeanInfo> (0x00000000a6523bb8) thrown at [./src/hotspot/share/classfile/systemDictionary.cpp, line 231]
Event: 8.184 Thread 0x000002a405439800 Exception <a 'java/lang/ClassNotFoundException'{0x00000000a65449b0}: org/gradle/api/tasks/DeleteBeanInfo> (0x00000000a65449b0) thrown at [./src/hotspot/share/classfile/systemDictionary.cpp, line 231]
Event: 8.185 Thread 0x000002a405439800 Exception <a 'java/lang/ClassNotFoundException'{0x00000000a6567a80}: org/gradle/api/internal/ConventionTaskBeanInfo> (0x00000000a6567a80) thrown at [./src/hotspot/share/classfile/systemDictionary.cpp, line 231]
Event: 8.186 Thread 0x000002a405439800 Exception <a 'java/lang/ClassNotFoundException'{0x00000000a6587e40}: org/gradle/api/DefaultTaskBeanInfo> (0x00000000a6587e40) thrown at [./src/hotspot/share/classfile/systemDictionary.cpp, line 231]
Event: 8.207 Thread 0x000002a405439800 Exception <a 'java/lang/ClassNotFoundException'{0x00000000a65aadf8}: org/gradle/api/internal/AbstractTaskBeanInfo> (0x00000000a65aadf8) thrown at [./src/hotspot/share/classfile/systemDictionary.cpp, line 231]
Event: 8.208 Thread 0x000002a405439800 Exception <a 'java/lang/ClassNotFoundException'{0x00000000a65cdea0}: org/gradle/api/internal/AbstractTaskCustomizer> (0x00000000a65cdea0) thrown at [./src/hotspot/share/classfile/systemDictionary.cpp, line 231]
Event: 8.217 Thread 0x000002a405439800 Exception <a 'java/lang/ClassNotFoundException'{0x00000000a6431510}: org/gradle/api/DefaultTaskCustomizer> (0x00000000a6431510) thrown at [./src/hotspot/share/classfile/systemDictionary.cpp, line 231]
Event: 8.219 Thread 0x000002a405439800 Exception <a 'java/lang/ClassNotFoundException'{0x00000000a6460630}: org/gradle/api/internal/ConventionTaskCustomizer> (0x00000000a6460630) thrown at [./src/hotspot/share/classfile/systemDictionary.cpp, line 231]
Event: 8.221 Thread 0x000002a405439800 Exception <a 'java/lang/ClassNotFoundException'{0x00000000a6490690}: org/gradle/api/tasks/DeleteCustomizer> (0x00000000a6490690) thrown at [./src/hotspot/share/classfile/systemDictionary.cpp, line 231]
Event: 8.223 Thread 0x000002a405439800 Exception <a 'java/lang/ClassNotFoundException'{0x00000000a64c65f0}: org/gradle/api/tasks/Delete_DecoratedCustomizer> (0x00000000a64c65f0) thrown at [./src/hotspot/share/classfile/systemDictionary.cpp, line 231]
Event: 8.274 Thread 0x000002a405439800 Exception <a 'java/lang/ClassNotFoundException'{0x00000000a63f7bd8}: build_eemfaaezfd6ytkuh52wzrjh09BeanInfo> (0x00000000a63f7bd8) thrown at [./src/hotspot/share/classfile/systemDictionary.cpp, line 231]
Event: 8.275 Thread 0x000002a405439800 Exception <a 'java/lang/ClassNotFoundException'{0x00000000a62009f8}: build_eemfaaezfd6ytkuh52wzrjh09Customizer> (0x00000000a62009f8) thrown at [./src/hotspot/share/classfile/systemDictionary.cpp, line 231]
Event: 8.421 Thread 0x000002a405439800 Exception <a 'java/lang/NoSuchMethodError'{0x00000000a9779f58}: 'void java.lang.invoke.DirectMethodHandle$Holder.invokeStatic(java.lang.Object, java.lang.Object, java.lang.Object, java.lang.Object, java.lang.Object)'> (0x00000000a9779f58) thrown at [./src/hotspot/share/interpreter/linkResolver.cpp, line 773]

Events (20 events):
Event: 8.745 loading class java/time/temporal/IsoFields$Field$3 done
Event: 8.745 loading class java/time/temporal/IsoFields$Field$4
Event: 8.746 loading class java/time/temporal/IsoFields$Field$4 done
Event: 8.746 loading class java/time/temporal/IsoFields$Unit
Event: 8.746 loading class java/time/temporal/IsoFields$Unit done
Event: 8.746 loading class java/time/temporal/JulianFields
Event: 8.746 loading class java/time/temporal/JulianFields done
Event: 8.746 loading class java/time/temporal/JulianFields$Field
Event: 8.746 loading class java/time/temporal/JulianFields$Field done
Event: 8.746 loading class java/time/format/DateTimeFormatterBuilder$2
Event: 8.746 loading class java/time/format/DateTimeFormatterBuilder$2 done
Event: 8.747 loading class java/time/format/SignStyle
Event: 8.747 loading class java/time/format/SignStyle done
Event: 8.747 loading class java/time/format/DateTimeFormatterBuilder$NumberPrinterParser
Event: 8.748 loading class java/time/format/DateTimeFormatterBuilder$DateTimePrinterParser
Event: 8.748 loading class java/time/format/DateTimeFormatterBuilder$DateTimePrinterParser done
Event: 8.748 loading class java/time/format/DateTimeFormatterBuilder$NumberPrinterParser done
Event: 8.748 loading class java/time/format/DateTimeFormatterBuilder$CharLiteralPrinterParser
Event: 8.748 loading class java/time/format/DateTimeFormatterBuilder$CharLiteralPrinterParser done
Event: 8.748 loading class java/time/chrono/IsoChronology


Dynamic libraries:
0x00007ff78c5a0000 - 0x00007ff78c5aa000 	D:\Android\Android Studio\jre\bin\java.exe
0x00007ffa944e0000 - 0x00007ffa946d0000 	C:\Windows\SYSTEM32\ntdll.dll
0x00007ffa94310000 - 0x00007ffa943c2000 	C:\Windows\System32\KERNEL32.DLL
0x00007ffa920b0000 - 0x00007ffa92355000 	C:\Windows\System32\KERNELBASE.dll
0x00007ffa91460000 - 0x00007ffa9155a000 	C:\Windows\System32\ucrtbase.dll
0x00007ffa5c840000 - 0x00007ffa5c859000 	D:\Android\Android Studio\jre\bin\jli.dll
0x00007ffa605d0000 - 0x00007ffa605e7000 	D:\Android\Android Studio\jre\bin\VCRUNTIME140.dll
0x00007ffa94070000 - 0x00007ffa94204000 	C:\Windows\System32\USER32.dll
0x00007ffa7ffd0000 - 0x00007ffa80254000 	C:\Windows\WinSxS\amd64_microsoft.windows.common-controls_6595b64144ccf1df_6.0.18362.1198_none_9e820b57e45ad92f\COMCTL32.dll
0x00007ffa92560000 - 0x00007ffa92581000 	C:\Windows\System32\win32u.dll
0x00007ffa93d90000 - 0x00007ffa93e2e000 	C:\Windows\System32\msvcrt.dll
0x00007ffa925a0000 - 0x00007ffa925c6000 	C:\Windows\System32\GDI32.dll
0x00007ffa93510000 - 0x00007ffa93845000 	C:\Windows\System32\combase.dll
0x00007ffa923c0000 - 0x00007ffa92556000 	C:\Windows\System32\gdi32full.dll
0x00007ffa931c0000 - 0x00007ffa932e0000 	C:\Windows\System32\RPCRT4.dll
0x00007ffa92010000 - 0x00007ffa920ae000 	C:\Windows\System32\msvcp_win.dll
0x00007ffa91f90000 - 0x00007ffa92010000 	C:\Windows\System32\bcryptPrimitives.dll
0x00007ffa942e0000 - 0x00007ffa9430e000 	C:\Windows\System32\IMM32.DLL
0x00007ffa5bf30000 - 0x00007ffa5bfcd000 	D:\Android\Android Studio\jre\bin\msvcp140.dll
0x00007ffa26860000 - 0x00007ffa2732f000 	D:\Android\Android Studio\jre\bin\server\jvm.dll
0x00007ffa92680000 - 0x00007ffa92723000 	C:\Windows\System32\ADVAPI32.dll
0x00007ffa93120000 - 0x00007ffa931b7000 	C:\Windows\System32\sechost.dll
0x00007ffa92590000 - 0x00007ffa92598000 	C:\Windows\System32\PSAPI.DLL
0x00007ffa8fbe0000 - 0x00007ffa8fc04000 	C:\Windows\SYSTEM32\WINMM.dll
0x00007ffa885b0000 - 0x00007ffa885b9000 	C:\Windows\SYSTEM32\WSOCK32.dll
0x00007ffa89ef0000 - 0x00007ffa89efa000 	C:\Windows\SYSTEM32\VERSION.dll
0x00007ffa93050000 - 0x00007ffa930bf000 	C:\Windows\System32\WS2_32.dll
0x00007ffa8fbb0000 - 0x00007ffa8fbdd000 	C:\Windows\SYSTEM32\WINMMBASE.dll
0x00007ffa91f10000 - 0x00007ffa91f5a000 	C:\Windows\System32\cfgmgr32.dll
0x00007ffa913a0000 - 0x00007ffa913b1000 	C:\Windows\System32\kernel.appcore.dll
0x00007ffa70d20000 - 0x00007ffa70d31000 	D:\Android\Android Studio\jre\bin\verify.dll
0x00007ffa8f9b0000 - 0x00007ffa8fba4000 	C:\Windows\SYSTEM32\DBGHELP.DLL
0x00007ffa8f980000 - 0x00007ffa8f9aa000 	C:\Windows\SYSTEM32\dbgcore.DLL
0x00007ffa6de80000 - 0x00007ffa6dea9000 	D:\Android\Android Studio\jre\bin\java.dll
0x00007ffa885a0000 - 0x00007ffa885ab000 	D:\Android\Android Studio\jre\bin\jimage.dll
0x00007ffa6c080000 - 0x00007ffa6c098000 	D:\Android\Android Studio\jre\bin\zip.dll
0x00007ffa92730000 - 0x00007ffa92e17000 	C:\Windows\System32\SHELL32.dll
0x00007ffa943d0000 - 0x00007ffa94479000 	C:\Windows\System32\shcore.dll
0x00007ffa91760000 - 0x00007ffa91ee1000 	C:\Windows\System32\windows.storage.dll
0x00007ffa91430000 - 0x00007ffa91453000 	C:\Windows\System32\profapi.dll
0x00007ffa913c0000 - 0x00007ffa9140a000 	C:\Windows\System32\powrprof.dll
0x00007ffa91390000 - 0x00007ffa913a0000 	C:\Windows\System32\UMPDC.dll
0x00007ffa930c0000 - 0x00007ffa93112000 	C:\Windows\System32\shlwapi.dll
0x00007ffa91ef0000 - 0x00007ffa91f07000 	C:\Windows\System32\cryptsp.dll
0x00007ffa684e0000 - 0x00007ffa684fa000 	D:\Android\Android Studio\jre\bin\net.dll
0x00007ffa82850000 - 0x00007ffa82940000 	C:\Windows\SYSTEM32\WINHTTP.dll
0x00007ffa90ba0000 - 0x00007ffa90c07000 	C:\Windows\system32\mswsock.dll
0x00007ffa683c0000 - 0x00007ffa683d4000 	D:\Android\Android Studio\jre\bin\nio.dll
0x00007ffa62dc0000 - 0x00007ffa62de7000 	C:\Users\User\.gradle\native\f6784746aeab05261644944871eae4fe03e0ef1612fff0a4a95f87b438bc6780\windows-amd64\native-platform.dll
0x00007ffa7b7c0000 - 0x00007ffa7b7ca000 	D:\Android\Android Studio\jre\bin\management.dll
0x00007ffa727d0000 - 0x00007ffa727dc000 	D:\Android\Android Studio\jre\bin\management_ext.dll
0x00007ffa90710000 - 0x00007ffa90743000 	C:\Windows\system32\rsaenh.dll
0x00007ffa91f60000 - 0x00007ffa91f86000 	C:\Windows\System32\bcrypt.dll
0x00007ffa91270000 - 0x00007ffa91295000 	C:\Windows\SYSTEM32\USERENV.dll
0x00007ffa90d50000 - 0x00007ffa90d5c000 	C:\Windows\SYSTEM32\CRYPTBASE.dll
0x00007ffa908b0000 - 0x00007ffa908ea000 	C:\Windows\SYSTEM32\IPHLPAPI.DLL
0x00007ffa92f60000 - 0x00007ffa92f68000 	C:\Windows\System32\NSI.dll
0x00007ffa7b6d0000 - 0x00007ffa7b6e6000 	C:\Windows\SYSTEM32\dhcpcsvc6.DLL
0x00007ffa81fd0000 - 0x00007ffa81fec000 	C:\Windows\SYSTEM32\dhcpcsvc.DLL
0x00007ffa90900000 - 0x00007ffa909cb000 	C:\Windows\SYSTEM32\DNSAPI.dll
0x00007ffa7b750000 - 0x00007ffa7b75b000 	C:\Windows\SYSTEM32\WINNSI.DLL

dbghelp: loaded successfully - version: 4.0.5 - missing functions: none
symbol engine: initialized successfully - sym options: 0x614 - pdb path: .;D:\Android\Android Studio\jre\bin;C:\Windows\SYSTEM32;C:\Windows\WinSxS\amd64_microsoft.windows.common-controls_6595b64144ccf1df_6.0.18362.1198_none_9e820b57e45ad92f;D:\Android\Android Studio\jre\bin\server;C:\Users\User\.gradle\native\f6784746aeab05261644944871eae4fe03e0ef1612fff0a4a95f87b438bc6780\windows-amd64

VM Arguments:
jvm_args: --add-opens=java.base/java.util=ALL-UNNAMED --add-opens=java.base/java.lang=ALL-UNNAMED --add-opens=java.base/java.lang.invoke=ALL-UNNAMED --add-opens=java.prefs/java.util.prefs=ALL-UNNAMED -Xmx1536m -Dfile.encoding=windows-1252 -Duser.country=US -Duser.language=en -Duser.variant 
java_command: org.gradle.launcher.daemon.bootstrap.GradleDaemon 6.5
java_class_path (initial): C:\Users\User\.gradle\wrapper\dists\gradle-6.5-bin\6nifqtx7604sqp1q6g8wikw7p\gradle-6.5\lib\gradle-launcher-6.5.jar
Launcher Type: SUN_STANDARD

[Global flags]
     intx CICompilerCount                          = 3                                         {product} {ergonomic}
     uint ConcGCThreads                            = 1                                         {product} {ergonomic}
     uint G1ConcRefinementThreads                  = 4                                         {product} {ergonomic}
   size_t G1HeapRegionSize                         = 1048576                                   {product} {ergonomic}
    uintx GCDrainStackTargetSize                   = 64                                        {product} {ergonomic}
   size_t InitialHeapSize                          = 132120576                                 {product} {ergonomic}
   size_t MarkStackSize                            = 4194304                                   {product} {ergonomic}
   size_t MaxHeapSize                              = 1610612736                                {product} {command line}
   size_t MaxNewSize                               = 965738496                                 {product} {ergonomic}
   size_t MinHeapDeltaBytes                        = 1048576                                   {product} {ergonomic}
    uintx NonNMethodCodeHeapSize                   = 5830732                                {pd product} {ergonomic}
    uintx NonProfiledCodeHeapSize                  = 122913754                              {pd product} {ergonomic}
    uintx ProfiledCodeHeapSize                     = 122913754                              {pd product} {ergonomic}
    uintx ReservedCodeCacheSize                    = 251658240                              {pd product} {ergonomic}
     bool SegmentedCodeCache                       = true                                      {product} {ergonomic}
     bool UseCompressedClassPointers               = true                                 {lp64_product} {ergonomic}
     bool UseCompressedOops                        = true                                 {lp64_product} {ergonomic}
     bool UseG1GC                                  = true                                      {product} {ergonomic}
     bool UseLargePagesIndividualAllocation        = false                                  {pd product} {ergonomic}

Logging:
Log output configuration:
 #0: stdout all=warning uptime,level,tags
 #1: stderr all=off uptime,level,tags

Environment Variables:
PATH=C:\Program Files (x86)\Common Files\Oracle\Java\javapath;C:\Windows\system32;C:\Windows;C:\Windows\System32\Wbem;C:\Windows\System32\WindowsPowerShell\v1.0\;C:\Windows\System32\OpenSSH\;C:\Program Files\NVIDIA Corporation\NVIDIA NvDLISR;C:\Windows\system32;C:\Windows;C:\Windows\System32\Wbem;C:\Windows\System32\WindowsPowerShell\v1.0\;C:\Windows\System32\OpenSSH\;C:\Program Files\Java\jdk-13.0.2\bin;C:\Program Files\Java\jre1.8.0_281\lib\ext\mysql-connector-java-8.0.23.jar;C:\Program Files\nodejs\;C:\Program Files\Git\cmd;C:\Program Files\Git\bin;D:\Matlab\runtime\win64;D:\Matlab\bin;D:\Matlab\polyspace\bin;C:\Program Files (x86)\NVIDIA Corporation\PhysX\Common;D:\Anaconda;D:\Anaconda\Library\mingw-w64\bin;D:\Anaconda\Library\usr\bin;D:\Anaconda\Library\bin;D:\Anaconda\Scripts;C:\Users\User\AppData\Local\Programs\Python\Python39\Scripts\;C:\Users\User\AppData\Local\Programs\Python\Python39\;C:\Users\User\AppData\Local\Microsoft\WindowsApps;C:\Users\User\AppData\Local\Programs\Microsoft VS Code\bin;C:\Program Files\Java\jdk-13.0.2\bin;C:\MinGW\bin;C:\Users\User\AppData\Local\GitHubDesktop\bin;C:\Users\User\AppData\Roaming\npm;C:\Program Files\heroku\bin
USERNAME=User
OS=Windows_NT
PROCESSOR_IDENTIFIER=Intel64 Family 6 Model 142 Stepping 12, GenuineIntel



---------------  S Y S T E M  ---------------

OS: Windows 10 , 64 bit Build 18362 (10.0.18362.1110)
OS uptime: 0 days 10:40 hours
Hyper-V role detected

CPU:total 4 (initial active 4) (2 cores per cpu, 2 threads per core) family 6 model 142 stepping 12 microcode 0xea, cmov, cx8, fxsr, mmx, sse, sse2, sse3, ssse3, sse4.1, sse4.2, popcnt, avx, avx2, aes, clmul, erms, 3dnowpref, lzcnt, ht, tsc, tscinvbit, bmi1, bmi2, adx, fma

Memory: 4k page, system-wide physical 7991M (307M free)
TotalPageFile size 32567M (AvailPageFile size 0M)
current process WorkingSet (physical memory assigned to process): 300M, peak: 300M
current process commit charge ("private bytes"): 347M, peak: 347M

vm_info: OpenJDK 64-Bit Server VM (11.0.10+0-b96-7249189) for windows-amd64 JRE (11.0.10+0-b96-7249189), built on Mar 31 2021 21:44:00 by "builder" with MS VC++ 14.0 (VS2015)

END.
